2025-08-15 21:39:17,414 - INFO - === ANALYSE DU SCORING FILL_IN_BLANKS ===
2025-08-15 21:39:17,414 - INFO - === TEST DE L'EXERCICE 2 - TEXTE À TROUS - LES VERBES ===
2025-08-15 21:39:17,414 - INFO - 
=== Test: Réponses correctes dans l'ordre original ===
2025-08-15 21:39:17,414 - INFO - Simulation avec réponses correctes: ['rectangle', 'isocèle']
2025-08-15 21:39:17,414 - INFO - Réponses utilisateur: ['rectangle', 'isocèle']
2025-08-15 21:39:17,414 - INFO - Réponse correcte trouvée: 'rectangle' correspond à 'rectangle'
2025-08-15 21:39:17,415 - INFO - Réponse correcte trouvée: 'isocèle' correspond à 'isocèle'
2025-08-15 21:39:17,415 - INFO - Score final: 100.0% (2/2)
2025-08-15 21:39:17,415 - INFO - Résultat: 100.0% (2/2)
2025-08-15 21:39:17,415 - INFO - 
=== Test: Réponses correctes dans l'ordre inverse ===
2025-08-15 21:39:17,415 - INFO - Simulation avec réponses correctes: ['rectangle', 'isocèle']
2025-08-15 21:39:17,415 - INFO - Réponses utilisateur: ['isocèle', 'rectangle']
2025-08-15 21:39:17,415 - INFO - Réponse correcte trouvée: 'isocèle' correspond à 'isocèle'
2025-08-15 21:39:17,415 - INFO - Réponse correcte trouvée: 'rectangle' correspond à 'rectangle'
2025-08-15 21:39:17,415 - INFO - Score final: 100.0% (2/2)
2025-08-15 21:39:17,415 - INFO - Résultat: 100.0% (2/2)
2025-08-15 21:39:17,415 - INFO - 
=== Test: Première réponse correcte, deuxième avec faute d'orthographe ===
2025-08-15 21:39:17,415 - INFO - Simulation avec réponses correctes: ['rectangle', 'isocèle']
2025-08-15 21:39:17,416 - INFO - Réponses utilisateur: ['rectangle', 'isocele']
2025-08-15 21:39:17,416 - INFO - Réponse correcte trouvée: 'rectangle' correspond à 'rectangle'
2025-08-15 21:39:17,416 - INFO - Réponse incorrecte: 'isocele'
2025-08-15 21:39:17,416 - INFO - Score final: 50.0% (1/2)
2025-08-15 21:39:17,416 - INFO - Résultat: 50.0% (1/2)
2025-08-15 21:39:17,416 - INFO - 
=== Test: Première avec faute d'orthographe, deuxième correcte ===
2025-08-15 21:39:17,416 - INFO - Simulation avec réponses correctes: ['rectangle', 'isocèle']
2025-08-15 21:39:17,416 - INFO - Réponses utilisateur: ['retangle', 'isocèle']
2025-08-15 21:39:17,416 - INFO - Réponse incorrecte: 'retangle'
2025-08-15 21:39:17,416 - INFO - Réponse correcte trouvée: 'isocèle' correspond à 'isocèle'
2025-08-15 21:39:17,416 - INFO - Score final: 50.0% (1/2)
2025-08-15 21:39:17,416 - INFO - Résultat: 50.0% (1/2)
2025-08-15 21:39:17,416 - INFO - 
=== Test: Première correcte, deuxième vide ===
2025-08-15 21:39:17,416 - INFO - Simulation avec réponses correctes: ['rectangle', 'isocèle']
2025-08-15 21:39:17,416 - INFO - Réponses utilisateur: ['rectangle', '']
2025-08-15 21:39:17,416 - INFO - Réponse correcte trouvée: 'rectangle' correspond à 'rectangle'
2025-08-15 21:39:17,417 - INFO - Réponse incorrecte: ''
2025-08-15 21:39:17,417 - INFO - Score final: 50.0% (1/2)
2025-08-15 21:39:17,417 - INFO - Résultat: 50.0% (1/2)
2025-08-15 21:39:17,417 - INFO - 
=== Test: Première vide, deuxième correcte ===
2025-08-15 21:39:17,417 - INFO - Simulation avec réponses correctes: ['rectangle', 'isocèle']
2025-08-15 21:39:17,417 - INFO - Réponses utilisateur: ['', 'isocèle']
2025-08-15 21:39:17,417 - INFO - Réponse incorrecte: ''
2025-08-15 21:39:17,417 - INFO - Réponse correcte trouvée: 'isocèle' correspond à 'isocèle'
2025-08-15 21:39:17,417 - INFO - Score final: 50.0% (1/2)
2025-08-15 21:39:17,417 - INFO - Résultat: 50.0% (1/2)
2025-08-15 21:39:17,417 - INFO - 
=== Test: Réponses incorrectes ===
2025-08-15 21:39:17,417 - INFO - Simulation avec réponses correctes: ['rectangle', 'isocèle']
2025-08-15 21:39:17,417 - INFO - Réponses utilisateur: ['triangl', 'equilateral']
2025-08-15 21:39:17,417 - INFO - Réponse incorrecte: 'triangl'
2025-08-15 21:39:17,417 - INFO - Réponse incorrecte: 'equilateral'
2025-08-15 21:39:17,417 - INFO - Score final: 0.0% (0/2)
2025-08-15 21:39:17,418 - INFO - Résultat: 0.0% (0/2)
2025-08-15 21:39:17,418 - INFO - 
=== ANALYSE DU PROBLÈME POTENTIEL ===
2025-08-15 21:39:17,418 - INFO - Le code actuel dans app.py utilise la logique suivante pour le scoring:
2025-08-15 21:39:17,418 - INFO - 1. Récupère toutes les réponses de l'utilisateur dans une liste
2025-08-15 21:39:17,418 - INFO - 2. Crée une copie des réponses correctes
2025-08-15 21:39:17,418 - INFO - 3. Pour chaque réponse utilisateur, vérifie si elle est dans la liste des réponses correctes restantes
2025-08-15 21:39:17,418 - INFO - 4. Si une correspondance est trouvée, incrémente le compteur et retire cette réponse de la liste des réponses correctes
2025-08-15 21:39:17,418 - INFO - 
Cette logique devrait fonctionner correctement pour rendre le scoring insensible à l'ordre.
2025-08-15 21:39:17,418 - INFO - Si le problème persiste, voici les causes possibles:
2025-08-15 21:39:17,418 - INFO - 
1. Problème de structure de l'exercice:
2025-08-15 21:39:17,418 - INFO -    - L'exercice pourrait avoir une structure différente de celle attendue
2025-08-15 21:39:17,418 - INFO -    - Les réponses correctes pourraient ne pas être correctement définies dans la base de données
2025-08-15 21:39:17,418 - INFO - 
2. Problème de déploiement:
2025-08-15 21:39:17,418 - INFO -    - La version déployée pourrait ne pas contenir les dernières modifications
2025-08-15 21:39:17,418 - INFO -    - Un redémarrage du serveur pourrait être nécessaire
2025-08-15 21:39:17,419 - INFO - 
3. Problème de validation des réponses:
2025-08-15 21:39:17,419 - INFO -    - La comparaison des réponses pourrait être sensible à la casse ou aux accents
2025-08-15 21:39:17,419 - INFO -    - Des espaces supplémentaires pourraient affecter la comparaison
2025-08-15 21:39:17,419 - INFO - 
4. Problème de comptage des blancs:
2025-08-15 21:39:17,419 - INFO -    - Le nombre total de blancs pourrait être mal calculé
2025-08-15 21:39:17,419 - INFO -    - La structure de l'exercice pourrait mélanger 'text' et 'sentences'
2025-08-15 21:39:17,419 - INFO - 
Analyse terminée. Résultats enregistrés dans analyze_fill_in_blanks_scoring_20250815_213917.log
