2025-08-28 18:18:42,724 - INFO - Démarrage du script de correction des images
2025-08-28 18:18:42,726 - INFO - Aucune image de 0 octets trouvée pour l'exercice 86
2025-08-28 18:18:43,368 - INFO - Aucune image de 0 octets trouvée pour l'exercice 57
2025-08-28 18:18:43,369 - INFO - Aucune image de 0 octets trouvée pour l'exercice 58
2025-08-28 18:18:43,370 - INFO - Aucune image de 0 octets trouvée pour l'exercice 59
2025-08-28 18:18:43,370 - INFO - Aucune image de 0 octets trouvée pour l'exercice 60
2025-08-28 18:18:43,371 - INFO - Aucune image de 0 octets trouvée pour l'exercice 61
2025-08-28 18:18:43,372 - INFO - Aucune image de 0 octets trouvée pour l'exercice 62
2025-08-28 18:18:43,373 - INFO - Aucune image de 0 octets trouvée pour l'exercice 63
2025-08-28 18:18:43,373 - INFO - Image de 0 octets détectée: static/uploads/exercises/qcm/S2_20250828_174813_n0roDE.png
2025-08-28 18:18:43,818 - INFO - Exercice 64 mis à jour avec l'image placeholder
2025-08-28 18:18:43,818 - INFO - Aucune image de 0 octets trouvée pour l'exercice 65
2025-08-28 18:18:43,819 - INFO - Aucune image de 0 octets trouvée pour l'exercice 67
2025-08-28 18:18:43,819 - INFO - Aucune image de 0 octets trouvée pour l'exercice 68
2025-08-28 18:18:43,820 - INFO - Aucune image de 0 octets trouvée pour l'exercice 69
2025-08-28 18:18:43,820 - INFO - Aucune image de 0 octets trouvée pour l'exercice 72
2025-08-28 18:18:43,820 - INFO - Aucune image de 0 octets trouvée pour l'exercice 73
2025-08-28 18:18:43,821 - INFO - Aucune image de 0 octets trouvée pour l'exercice 74
2025-08-28 18:18:43,821 - INFO - Aucune image de 0 octets trouvée pour l'exercice 75
2025-08-28 18:18:43,821 - INFO - Aucune image de 0 octets trouvée pour l'exercice 76
2025-08-28 18:18:43,822 - INFO - Aucune image de 0 octets trouvée pour l'exercice 77
2025-08-28 18:18:43,822 - INFO - Aucune image de 0 octets trouvée pour l'exercice 78
2025-08-28 18:18:43,822 - INFO - Aucune image de 0 octets trouvée pour l'exercice 79
2025-08-28 18:18:43,823 - INFO - Aucune image de 0 octets trouvée pour l'exercice 80
2025-08-28 18:18:43,823 - INFO - Aucune image de 0 octets trouvée pour l'exercice 81
2025-08-28 18:18:43,823 - INFO - Aucune image de 0 octets trouvée pour l'exercice 83
2025-08-28 18:18:43,955 - INFO - Aucune image de 0 octets trouvée pour l'exercice 84
2025-08-28 18:18:43,955 - INFO - Image de 0 octets détectée: static/uploads/exercises/qcm/s1_20250828_174108_wdGDfH.png
2025-08-28 18:18:44,454 - INFO - Exercice 85 mis à jour avec l'image placeholder
2025-08-28 18:18:44,455 - INFO - Aucune image de 0 octets trouvée pour l'exercice 86
2025-08-28 18:18:44,455 - INFO - Scan terminé. 2 exercices corrigés sur 26 analysés.
