2025-08-14 01:31:18,728 - app - INFO - Tables de base de donnees creees avec succes
2025-08-14 01:31:18,817 - app - INFO - Compte administrateur existant: admin@classesnumeriques.com
2025-08-14 01:31:18,819 - app - INFO - mr.zahiri@gmail.com approuve et promu administrateur
2025-08-14 01:47:23,140 - app - INFO - Tables de base de donnees creees avec succes
2025-08-14 01:47:23,180 - app - INFO - Compte administrateur existant: admin@classesnumeriques.com
2025-08-14 01:47:23,182 - app - INFO - mr.zahiri@gmail.com approuve et promu administrateur
2025-08-14 01:47:23,983 - werkzeug - INFO - [31m[1mWARNING: This is a development server. Do not use it in a production deployment. Use a production WSGI server instead.[0m
 * Running on http://127.0.0.1:5000
2025-08-14 01:47:23,984 - werkzeug - INFO - [33mPress CTRL+C to quit[0m
2025-08-14 01:47:24,003 - werkzeug - INFO -  * Restarting with stat
2025-08-14 01:47:28,468 - app - INFO - Tables de base de donnees creees avec succes
2025-08-14 01:47:28,503 - app - INFO - Compte administrateur existant: admin@classesnumeriques.com
2025-08-14 01:47:28,506 - app - INFO - mr.zahiri@gmail.com approuve et promu administrateur
2025-08-14 01:47:28,565 - werkzeug - WARNING -  * Debugger is active!
2025-08-14 01:47:28,631 - werkzeug - INFO -  * Debugger PIN: 773-832-873
2025-08-14 02:02:49,633 - werkzeug - INFO -  * Detected change in 'C:\\Users\\JeMat\\OneDrive\\classenumerique20250801\\app_minimal.py', reloading
2025-08-14 02:02:52,833 - werkzeug - INFO -  * Restarting with stat
2025-08-14 02:03:04,131 - app - INFO - Tables de base de donnees creees avec succes
2025-08-14 02:03:04,171 - app - INFO - Compte administrateur existant: admin@classesnumeriques.com
2025-08-14 02:03:04,173 - app - INFO - mr.zahiri@gmail.com approuve et promu administrateur
2025-08-14 02:03:04,299 - werkzeug - WARNING -  * Debugger is active!
2025-08-14 02:03:04,325 - werkzeug - INFO -  * Debugger PIN: 773-832-873
