2025-08-28 12:12:31,744 - __main__ - INFO - Démarrage du script de suppression des doublons d'images
2025-08-28 12:12:31,745 - __main__ - INFO - Analyse du répertoire static/uploads/exercises/qcm
2025-08-28 12:12:31,760 - __main__ - WARNING - Le répertoire static/uploads/exercises/flashcards n'existe pas
2025-08-28 12:12:31,761 - __main__ - WARNING - Le répertoire static/uploads/exercises/word_placement n'existe pas
2025-08-28 12:12:31,761 - __main__ - INFO - Analyse du répertoire static/uploads/exercises/image_labeling
2025-08-28 12:12:31,861 - __main__ - WARNING - Le répertoire static/uploads/exercises/legend n'existe pas
2025-08-28 12:12:31,862 - __main__ - INFO - Analyse du répertoire static/uploads/exercises
2025-08-28 12:12:31,981 - __main__ - INFO - Analyse du répertoire static/exercises/qcm
2025-08-28 12:12:32,032 - __main__ - WARNING - Le répertoire static/exercises/flashcards n'existe pas
2025-08-28 12:12:32,032 - __main__ - WARNING - Le répertoire static/exercises/word_placement n'existe pas
2025-08-28 12:12:32,032 - __main__ - INFO - Analyse du répertoire static/exercises/image_labeling
2025-08-28 12:12:32,145 - __main__ - WARNING - Le répertoire static/exercises/legend n'existe pas
2025-08-28 12:12:32,145 - __main__ - INFO - Analyse du répertoire static/exercises
2025-08-28 12:12:33,426 - __main__ - INFO - Total des fichiers analysés: 157
2025-08-28 12:12:33,426 - __main__ - INFO - Nombre de groupes de doublons trouvés: 10
2025-08-28 12:12:33,426 - __main__ - INFO - Traitement du groupe de doublons: ['static/uploads/exercises/qcm\\S2_20250828_120817_4Aphuj.png', "static/uploads/exercises\\Capture d'écran 2025-08-12 180016_20250827_232839_OqFDuG.png", "static/uploads/exercises\\Capture d'écran 2025-08-14 145027_20250827_232014_aaiDdh.png", "static/exercises\\20250819_105640_e229e304ce7f4b16aeea4a47eea5614d_Capture d'écran 2025-08-14 145027.png", 'static/exercises\\20250819_105842_8d8e68f89ffa4e4d96cbe17f37145574_s1.png', 'static/exercises\\20250819_110702_e54be93519934705ba2880d369e94bc3_s1.png', 'static/exercises\\20250819_111253_34fa351dd70f49bcbc4ea3b1130328f3_s1.png', 'static/exercises\\20250819_114753_7e124eef130f434dbea52250be5fda46_S2.png', "static/exercises\\20250819_115314_f08068bae839445abc7512076eb6da74_Capture d'écran 2025-08-12 174224.png", "static/exercises\\20250819_120249_44ab10a9f5e143f7a011734aabe02af5_Capture d'écran 2025-08-12 174224.png", "static/exercises\\20250819_123610_9c32dcd54a114104ab08a6a6f0e3f9a3_Capture d'écran 2025-08-12 174224.png", "static/exercises\\20250819_130210_287bbd2d18ea482e981183dcacdae149_Capture d'écran 2025-08-12 174224.png", 'static/exercises\\20250819_132051_a339a4c9e8344e97b58ecab9e99a9a25_s1.png', "static/exercises\\20250819_132454_247afc79786442028d5e890a1fd4dd07_Capture d'écran 2025-08-12 174224.png", "static/exercises\\20250819_152501_b1d44778efd1498b86dc3b7a894e784e_Capture d'écran 2025-08-12 180016.png", "static/exercises\\20250819_152725_da647b00554d4efea7e173eeb42e8ad6_Capture d'écran 2025-08-12 174224.png", "static/exercises\\20250819_183310_70a9c9941fc54946a6d1b0a58ce2dbf6_Capture d'écran 2025-08-12 174224.png", "static/exercises\\20250819_195335_bdf70901f4af44279926f3066e7eac12_Capture d'écran 2025-08-12 174224.png", "static/exercises\\20250819_200640_047bbd903b514adbb16fdf5b775fd3c3_Capture d'écran 2025-08-12 174224.png", "static/exercises\\20250819_200857_a820763e1a6e4613a52fdf59482ab1cd_Capture d'écran 2025-08-12 174224.png", "static/exercises\\20250819_202148_cde61f9f207c49018ca27c92c5dd7414_Capture d'écran 2025-08-12 174224.png"]
2025-08-28 12:12:33,427 - __main__ - INFO - Fichier à conserver: static/uploads/exercises/qcm\S2_20250828_120817_4Aphuj.png
2025-08-28 12:12:33,427 - __main__ - INFO - Fichiers à supprimer: ['static/exercises\\20250819_105842_8d8e68f89ffa4e4d96cbe17f37145574_s1.png', 'static/exercises\\20250819_110702_e54be93519934705ba2880d369e94bc3_s1.png', 'static/exercises\\20250819_111253_34fa351dd70f49bcbc4ea3b1130328f3_s1.png', 'static/exercises\\20250819_114753_7e124eef130f434dbea52250be5fda46_S2.png', 'static/exercises\\20250819_132051_a339a4c9e8344e97b58ecab9e99a9a25_s1.png', "static/uploads/exercises\\Capture d'écran 2025-08-12 180016_20250827_232839_OqFDuG.png", "static/uploads/exercises\\Capture d'écran 2025-08-14 145027_20250827_232014_aaiDdh.png", "static/exercises\\20250819_105640_e229e304ce7f4b16aeea4a47eea5614d_Capture d'écran 2025-08-14 145027.png", "static/exercises\\20250819_115314_f08068bae839445abc7512076eb6da74_Capture d'écran 2025-08-12 174224.png", "static/exercises\\20250819_120249_44ab10a9f5e143f7a011734aabe02af5_Capture d'écran 2025-08-12 174224.png", "static/exercises\\20250819_123610_9c32dcd54a114104ab08a6a6f0e3f9a3_Capture d'écran 2025-08-12 174224.png", "static/exercises\\20250819_130210_287bbd2d18ea482e981183dcacdae149_Capture d'écran 2025-08-12 174224.png", "static/exercises\\20250819_132454_247afc79786442028d5e890a1fd4dd07_Capture d'écran 2025-08-12 174224.png", "static/exercises\\20250819_152501_b1d44778efd1498b86dc3b7a894e784e_Capture d'écran 2025-08-12 180016.png", "static/exercises\\20250819_152725_da647b00554d4efea7e173eeb42e8ad6_Capture d'écran 2025-08-12 174224.png", "static/exercises\\20250819_183310_70a9c9941fc54946a6d1b0a58ce2dbf6_Capture d'écran 2025-08-12 174224.png", "static/exercises\\20250819_195335_bdf70901f4af44279926f3066e7eac12_Capture d'écran 2025-08-12 174224.png", "static/exercises\\20250819_200640_047bbd903b514adbb16fdf5b775fd3c3_Capture d'écran 2025-08-12 174224.png", "static/exercises\\20250819_200857_a820763e1a6e4613a52fdf59482ab1cd_Capture d'écran 2025-08-12 174224.png", "static/exercises\\20250819_202148_cde61f9f207c49018ca27c92c5dd7414_Capture d'écran 2025-08-12 174224.png"]
2025-08-28 12:12:33,440 - __main__ - ERROR - Erreur lors de la mise à jour de la base de données: type object 'Config' has no attribute 'SQLALCHEMY_DATABASE_URI'
2025-08-28 12:12:33,462 - __main__ - INFO - Fichier sauvegardé: static/exercises\20250819_105842_8d8e68f89ffa4e4d96cbe17f37145574_s1.png -> static/backup_duplicates\20250819_105842_8d8e68f89ffa4e4d96cbe17f37145574_s1.png
2025-08-28 12:12:33,463 - __main__ - INFO - Fichier supprimé: static/exercises\20250819_105842_8d8e68f89ffa4e4d96cbe17f37145574_s1.png
2025-08-28 12:12:33,464 - __main__ - INFO - Fichier sauvegardé: static/exercises\20250819_110702_e54be93519934705ba2880d369e94bc3_s1.png -> static/backup_duplicates\20250819_110702_e54be93519934705ba2880d369e94bc3_s1.png
2025-08-28 12:12:33,465 - __main__ - INFO - Fichier supprimé: static/exercises\20250819_110702_e54be93519934705ba2880d369e94bc3_s1.png
2025-08-28 12:12:33,465 - __main__ - INFO - Fichier sauvegardé: static/exercises\20250819_111253_34fa351dd70f49bcbc4ea3b1130328f3_s1.png -> static/backup_duplicates\20250819_111253_34fa351dd70f49bcbc4ea3b1130328f3_s1.png
2025-08-28 12:12:33,465 - __main__ - INFO - Fichier supprimé: static/exercises\20250819_111253_34fa351dd70f49bcbc4ea3b1130328f3_s1.png
2025-08-28 12:12:33,466 - __main__ - INFO - Fichier sauvegardé: static/exercises\20250819_114753_7e124eef130f434dbea52250be5fda46_S2.png -> static/backup_duplicates\20250819_114753_7e124eef130f434dbea52250be5fda46_S2.png
2025-08-28 12:12:33,466 - __main__ - INFO - Fichier supprimé: static/exercises\20250819_114753_7e124eef130f434dbea52250be5fda46_S2.png
2025-08-28 12:12:33,467 - __main__ - INFO - Fichier sauvegardé: static/exercises\20250819_132051_a339a4c9e8344e97b58ecab9e99a9a25_s1.png -> static/backup_duplicates\20250819_132051_a339a4c9e8344e97b58ecab9e99a9a25_s1.png
2025-08-28 12:12:33,467 - __main__ - INFO - Fichier supprimé: static/exercises\20250819_132051_a339a4c9e8344e97b58ecab9e99a9a25_s1.png
2025-08-28 12:12:33,468 - __main__ - INFO - Fichier sauvegardé: static/uploads/exercises\Capture d'écran 2025-08-12 180016_20250827_232839_OqFDuG.png -> static/backup_duplicates\Capture d'écran 2025-08-12 180016_20250827_232839_OqFDuG.png
2025-08-28 12:12:33,468 - __main__ - INFO - Fichier supprimé: static/uploads/exercises\Capture d'écran 2025-08-12 180016_20250827_232839_OqFDuG.png
2025-08-28 12:12:33,468 - __main__ - INFO - Fichier sauvegardé: static/uploads/exercises\Capture d'écran 2025-08-14 145027_20250827_232014_aaiDdh.png -> static/backup_duplicates\Capture d'écran 2025-08-14 145027_20250827_232014_aaiDdh.png
2025-08-28 12:12:33,469 - __main__ - INFO - Fichier supprimé: static/uploads/exercises\Capture d'écran 2025-08-14 145027_20250827_232014_aaiDdh.png
2025-08-28 12:12:33,469 - __main__ - INFO - Fichier sauvegardé: static/exercises\20250819_105640_e229e304ce7f4b16aeea4a47eea5614d_Capture d'écran 2025-08-14 145027.png -> static/backup_duplicates\20250819_105640_e229e304ce7f4b16aeea4a47eea5614d_Capture d'écran 2025-08-14 145027.png
2025-08-28 12:12:33,469 - __main__ - INFO - Fichier supprimé: static/exercises\20250819_105640_e229e304ce7f4b16aeea4a47eea5614d_Capture d'écran 2025-08-14 145027.png
2025-08-28 12:12:33,470 - __main__ - INFO - Fichier sauvegardé: static/exercises\20250819_115314_f08068bae839445abc7512076eb6da74_Capture d'écran 2025-08-12 174224.png -> static/backup_duplicates\20250819_115314_f08068bae839445abc7512076eb6da74_Capture d'écran 2025-08-12 174224.png
2025-08-28 12:12:33,470 - __main__ - INFO - Fichier supprimé: static/exercises\20250819_115314_f08068bae839445abc7512076eb6da74_Capture d'écran 2025-08-12 174224.png
2025-08-28 12:12:33,471 - __main__ - INFO - Fichier sauvegardé: static/exercises\20250819_120249_44ab10a9f5e143f7a011734aabe02af5_Capture d'écran 2025-08-12 174224.png -> static/backup_duplicates\20250819_120249_44ab10a9f5e143f7a011734aabe02af5_Capture d'écran 2025-08-12 174224.png
2025-08-28 12:12:33,471 - __main__ - INFO - Fichier supprimé: static/exercises\20250819_120249_44ab10a9f5e143f7a011734aabe02af5_Capture d'écran 2025-08-12 174224.png
2025-08-28 12:12:33,471 - __main__ - INFO - Fichier sauvegardé: static/exercises\20250819_123610_9c32dcd54a114104ab08a6a6f0e3f9a3_Capture d'écran 2025-08-12 174224.png -> static/backup_duplicates\20250819_123610_9c32dcd54a114104ab08a6a6f0e3f9a3_Capture d'écran 2025-08-12 174224.png
2025-08-28 12:12:33,491 - __main__ - INFO - Fichier supprimé: static/exercises\20250819_123610_9c32dcd54a114104ab08a6a6f0e3f9a3_Capture d'écran 2025-08-12 174224.png
2025-08-28 12:12:33,492 - __main__ - INFO - Fichier sauvegardé: static/exercises\20250819_130210_287bbd2d18ea482e981183dcacdae149_Capture d'écran 2025-08-12 174224.png -> static/backup_duplicates\20250819_130210_287bbd2d18ea482e981183dcacdae149_Capture d'écran 2025-08-12 174224.png
2025-08-28 12:12:33,493 - __main__ - INFO - Fichier supprimé: static/exercises\20250819_130210_287bbd2d18ea482e981183dcacdae149_Capture d'écran 2025-08-12 174224.png
2025-08-28 12:12:33,494 - __main__ - INFO - Fichier sauvegardé: static/exercises\20250819_132454_247afc79786442028d5e890a1fd4dd07_Capture d'écran 2025-08-12 174224.png -> static/backup_duplicates\20250819_132454_247afc79786442028d5e890a1fd4dd07_Capture d'écran 2025-08-12 174224.png
2025-08-28 12:12:33,494 - __main__ - INFO - Fichier supprimé: static/exercises\20250819_132454_247afc79786442028d5e890a1fd4dd07_Capture d'écran 2025-08-12 174224.png
2025-08-28 12:12:33,495 - __main__ - INFO - Fichier sauvegardé: static/exercises\20250819_152501_b1d44778efd1498b86dc3b7a894e784e_Capture d'écran 2025-08-12 180016.png -> static/backup_duplicates\20250819_152501_b1d44778efd1498b86dc3b7a894e784e_Capture d'écran 2025-08-12 180016.png
2025-08-28 12:12:33,495 - __main__ - INFO - Fichier supprimé: static/exercises\20250819_152501_b1d44778efd1498b86dc3b7a894e784e_Capture d'écran 2025-08-12 180016.png
2025-08-28 12:12:33,496 - __main__ - INFO - Fichier sauvegardé: static/exercises\20250819_152725_da647b00554d4efea7e173eeb42e8ad6_Capture d'écran 2025-08-12 174224.png -> static/backup_duplicates\20250819_152725_da647b00554d4efea7e173eeb42e8ad6_Capture d'écran 2025-08-12 174224.png
2025-08-28 12:12:33,496 - __main__ - INFO - Fichier supprimé: static/exercises\20250819_152725_da647b00554d4efea7e173eeb42e8ad6_Capture d'écran 2025-08-12 174224.png
2025-08-28 12:12:33,497 - __main__ - INFO - Fichier sauvegardé: static/exercises\20250819_183310_70a9c9941fc54946a6d1b0a58ce2dbf6_Capture d'écran 2025-08-12 174224.png -> static/backup_duplicates\20250819_183310_70a9c9941fc54946a6d1b0a58ce2dbf6_Capture d'écran 2025-08-12 174224.png
2025-08-28 12:12:33,498 - __main__ - INFO - Fichier supprimé: static/exercises\20250819_183310_70a9c9941fc54946a6d1b0a58ce2dbf6_Capture d'écran 2025-08-12 174224.png
2025-08-28 12:12:33,499 - __main__ - INFO - Fichier sauvegardé: static/exercises\20250819_195335_bdf70901f4af44279926f3066e7eac12_Capture d'écran 2025-08-12 174224.png -> static/backup_duplicates\20250819_195335_bdf70901f4af44279926f3066e7eac12_Capture d'écran 2025-08-12 174224.png
2025-08-28 12:12:33,499 - __main__ - INFO - Fichier supprimé: static/exercises\20250819_195335_bdf70901f4af44279926f3066e7eac12_Capture d'écran 2025-08-12 174224.png
2025-08-28 12:12:33,500 - __main__ - INFO - Fichier sauvegardé: static/exercises\20250819_200640_047bbd903b514adbb16fdf5b775fd3c3_Capture d'écran 2025-08-12 174224.png -> static/backup_duplicates\20250819_200640_047bbd903b514adbb16fdf5b775fd3c3_Capture d'écran 2025-08-12 174224.png
2025-08-28 12:12:33,500 - __main__ - INFO - Fichier supprimé: static/exercises\20250819_200640_047bbd903b514adbb16fdf5b775fd3c3_Capture d'écran 2025-08-12 174224.png
2025-08-28 12:12:33,501 - __main__ - INFO - Fichier sauvegardé: static/exercises\20250819_200857_a820763e1a6e4613a52fdf59482ab1cd_Capture d'écran 2025-08-12 174224.png -> static/backup_duplicates\20250819_200857_a820763e1a6e4613a52fdf59482ab1cd_Capture d'écran 2025-08-12 174224.png
2025-08-28 12:12:33,501 - __main__ - INFO - Fichier supprimé: static/exercises\20250819_200857_a820763e1a6e4613a52fdf59482ab1cd_Capture d'écran 2025-08-12 174224.png
2025-08-28 12:12:33,502 - __main__ - INFO - Fichier sauvegardé: static/exercises\20250819_202148_cde61f9f207c49018ca27c92c5dd7414_Capture d'écran 2025-08-12 174224.png -> static/backup_duplicates\20250819_202148_cde61f9f207c49018ca27c92c5dd7414_Capture d'écran 2025-08-12 174224.png
2025-08-28 12:12:33,502 - __main__ - INFO - Fichier supprimé: static/exercises\20250819_202148_cde61f9f207c49018ca27c92c5dd7414_Capture d'écran 2025-08-12 174224.png
2025-08-28 12:12:33,502 - __main__ - INFO - Traitement du groupe de doublons: ['static/uploads/exercises/image_labeling\\image_20250824_184640.png', 'static/exercises/qcm\\qcm_20250828_120816_cd94727c.png', 'static/exercises/image_labeling\\20250819_114753_6810a534877f41bfa8fc2adbc306520a_S2.png', 'static/exercises\\1755901272_vs8c6s.png', 'static/exercises\\20250819_101055_541dc1b58afe4db5af4ad8c28b31f1c5_S2.png', 'static/exercises\\20250819_101252_b9303130a18c4d08b248ccea072f88e2_S2.png', 'static/exercises\\20250819_103057_aca07b6f6a4c432f9812ddd613f998e2_S2.png', 'static/exercises\\20250819_103804_b5715eb5a1a848bdb9ea3aa962c657b7_S2.png', 'static/exercises\\20250819_204938_efbb7260446e4880b28d97c6eb913bd2_S2.png', 'static/exercises\\20250819_205412_000f8da3e17d466d997e37102f48231c_S2.png', 'static/exercises\\20250819_210054_8f17173ca87e44b2aeef0c2b420d81f8_S2.png', 'static/exercises\\S2_20250822_230236_yqXZqG.png']
2025-08-28 12:12:33,503 - __main__ - INFO - Fichier à conserver: static/uploads/exercises/image_labeling\image_20250824_184640.png
2025-08-28 12:12:33,503 - __main__ - INFO - Fichiers à supprimer: ['static/exercises\\1755901272_vs8c6s.png', 'static/exercises\\20250819_101055_541dc1b58afe4db5af4ad8c28b31f1c5_S2.png', 'static/exercises\\20250819_101252_b9303130a18c4d08b248ccea072f88e2_S2.png', 'static/exercises\\20250819_103057_aca07b6f6a4c432f9812ddd613f998e2_S2.png', 'static/exercises\\20250819_103804_b5715eb5a1a848bdb9ea3aa962c657b7_S2.png', 'static/exercises\\20250819_204938_efbb7260446e4880b28d97c6eb913bd2_S2.png', 'static/exercises\\20250819_205412_000f8da3e17d466d997e37102f48231c_S2.png', 'static/exercises\\20250819_210054_8f17173ca87e44b2aeef0c2b420d81f8_S2.png', 'static/exercises\\S2_20250822_230236_yqXZqG.png', 'static/exercises/qcm\\qcm_20250828_120816_cd94727c.png', 'static/exercises/image_labeling\\20250819_114753_6810a534877f41bfa8fc2adbc306520a_S2.png']
2025-08-28 12:12:33,503 - __main__ - ERROR - Erreur lors de la mise à jour de la base de données: type object 'Config' has no attribute 'SQLALCHEMY_DATABASE_URI'
2025-08-28 12:12:33,504 - __main__ - INFO - Fichier sauvegardé: static/exercises\1755901272_vs8c6s.png -> static/backup_duplicates\1755901272_vs8c6s.png
2025-08-28 12:12:33,520 - __main__ - INFO - Fichier supprimé: static/exercises\1755901272_vs8c6s.png
2025-08-28 12:12:33,521 - __main__ - INFO - Fichier sauvegardé: static/exercises\20250819_101055_541dc1b58afe4db5af4ad8c28b31f1c5_S2.png -> static/backup_duplicates\20250819_101055_541dc1b58afe4db5af4ad8c28b31f1c5_S2.png
2025-08-28 12:12:33,522 - __main__ - INFO - Fichier supprimé: static/exercises\20250819_101055_541dc1b58afe4db5af4ad8c28b31f1c5_S2.png
2025-08-28 12:12:33,523 - __main__ - INFO - Fichier sauvegardé: static/exercises\20250819_101252_b9303130a18c4d08b248ccea072f88e2_S2.png -> static/backup_duplicates\20250819_101252_b9303130a18c4d08b248ccea072f88e2_S2.png
2025-08-28 12:12:33,524 - __main__ - INFO - Fichier supprimé: static/exercises\20250819_101252_b9303130a18c4d08b248ccea072f88e2_S2.png
2025-08-28 12:12:33,525 - __main__ - INFO - Fichier sauvegardé: static/exercises\20250819_103057_aca07b6f6a4c432f9812ddd613f998e2_S2.png -> static/backup_duplicates\20250819_103057_aca07b6f6a4c432f9812ddd613f998e2_S2.png
2025-08-28 12:12:33,526 - __main__ - INFO - Fichier supprimé: static/exercises\20250819_103057_aca07b6f6a4c432f9812ddd613f998e2_S2.png
2025-08-28 12:12:33,528 - __main__ - INFO - Fichier sauvegardé: static/exercises\20250819_103804_b5715eb5a1a848bdb9ea3aa962c657b7_S2.png -> static/backup_duplicates\20250819_103804_b5715eb5a1a848bdb9ea3aa962c657b7_S2.png
2025-08-28 12:12:33,528 - __main__ - INFO - Fichier supprimé: static/exercises\20250819_103804_b5715eb5a1a848bdb9ea3aa962c657b7_S2.png
2025-08-28 12:12:33,530 - __main__ - INFO - Fichier sauvegardé: static/exercises\20250819_204938_efbb7260446e4880b28d97c6eb913bd2_S2.png -> static/backup_duplicates\20250819_204938_efbb7260446e4880b28d97c6eb913bd2_S2.png
2025-08-28 12:12:33,530 - __main__ - INFO - Fichier supprimé: static/exercises\20250819_204938_efbb7260446e4880b28d97c6eb913bd2_S2.png
2025-08-28 12:12:33,532 - __main__ - INFO - Fichier sauvegardé: static/exercises\20250819_205412_000f8da3e17d466d997e37102f48231c_S2.png -> static/backup_duplicates\20250819_205412_000f8da3e17d466d997e37102f48231c_S2.png
2025-08-28 12:12:33,533 - __main__ - INFO - Fichier supprimé: static/exercises\20250819_205412_000f8da3e17d466d997e37102f48231c_S2.png
2025-08-28 12:12:33,555 - __main__ - INFO - Fichier sauvegardé: static/exercises\20250819_210054_8f17173ca87e44b2aeef0c2b420d81f8_S2.png -> static/backup_duplicates\20250819_210054_8f17173ca87e44b2aeef0c2b420d81f8_S2.png
2025-08-28 12:12:33,566 - __main__ - INFO - Fichier supprimé: static/exercises\20250819_210054_8f17173ca87e44b2aeef0c2b420d81f8_S2.png
2025-08-28 12:12:33,568 - __main__ - INFO - Fichier sauvegardé: static/exercises\S2_20250822_230236_yqXZqG.png -> static/backup_duplicates\S2_20250822_230236_yqXZqG.png
2025-08-28 12:12:33,568 - __main__ - INFO - Fichier supprimé: static/exercises\S2_20250822_230236_yqXZqG.png
2025-08-28 12:12:33,569 - __main__ - INFO - Fichier sauvegardé: static/exercises/qcm\qcm_20250828_120816_cd94727c.png -> static/backup_duplicates\qcm_20250828_120816_cd94727c.png
2025-08-28 12:12:33,570 - __main__ - INFO - Fichier supprimé: static/exercises/qcm\qcm_20250828_120816_cd94727c.png
2025-08-28 12:12:33,571 - __main__ - INFO - Fichier sauvegardé: static/exercises/image_labeling\20250819_114753_6810a534877f41bfa8fc2adbc306520a_S2.png -> static/backup_duplicates\20250819_114753_6810a534877f41bfa8fc2adbc306520a_S2.png
2025-08-28 12:12:33,571 - __main__ - INFO - Fichier supprimé: static/exercises/image_labeling\20250819_114753_6810a534877f41bfa8fc2adbc306520a_S2.png
2025-08-28 12:12:33,571 - __main__ - INFO - Traitement du groupe de doublons: ['static/uploads/exercises/image_labeling\\image_20250824_235257.png', 'static/uploads/exercises/image_labeling\\image_20250824_235619.png', 'static/exercises/image_labeling\\20250819_105842_41dd0197fa534d388c191f3155e49b7e_s1.png', 'static/exercises/image_labeling\\20250819_110702_d7e25b3ce61e4c199af0ae0db2bcb2a3_s1.png', 'static/exercises/image_labeling\\20250819_111252_e2c2d4c295aa43709cb366f78b15fdd3_s1.png', 'static/exercises\\20250819_102338_c3a74ef9d9cf4c348229c1e5b8f9729d_s1.png', 'static/exercises\\20250819_102456_7907b664f9954929a6a6a2da497656ce_s1.png', 'static/exercises\\20250819_204826_991739f9ffc4478f860558a62cbb41d7_s1.png']
2025-08-28 12:12:33,571 - __main__ - INFO - Fichier à conserver: static/uploads/exercises/image_labeling\image_20250824_235257.png
2025-08-28 12:12:33,571 - __main__ - INFO - Fichiers à supprimer: ['static/uploads/exercises/image_labeling\\image_20250824_235619.png', 'static/exercises\\20250819_102338_c3a74ef9d9cf4c348229c1e5b8f9729d_s1.png', 'static/exercises\\20250819_102456_7907b664f9954929a6a6a2da497656ce_s1.png', 'static/exercises\\20250819_204826_991739f9ffc4478f860558a62cbb41d7_s1.png', 'static/exercises/image_labeling\\20250819_105842_41dd0197fa534d388c191f3155e49b7e_s1.png', 'static/exercises/image_labeling\\20250819_110702_d7e25b3ce61e4c199af0ae0db2bcb2a3_s1.png', 'static/exercises/image_labeling\\20250819_111252_e2c2d4c295aa43709cb366f78b15fdd3_s1.png']
2025-08-28 12:12:33,571 - __main__ - ERROR - Erreur lors de la mise à jour de la base de données: type object 'Config' has no attribute 'SQLALCHEMY_DATABASE_URI'
2025-08-28 12:12:33,588 - __main__ - INFO - Fichier sauvegardé: static/uploads/exercises/image_labeling\image_20250824_235619.png -> static/backup_duplicates\image_20250824_235619.png
2025-08-28 12:12:33,614 - __main__ - INFO - Fichier supprimé: static/uploads/exercises/image_labeling\image_20250824_235619.png
2025-08-28 12:12:33,626 - __main__ - INFO - Fichier sauvegardé: static/exercises\20250819_102338_c3a74ef9d9cf4c348229c1e5b8f9729d_s1.png -> static/backup_duplicates\20250819_102338_c3a74ef9d9cf4c348229c1e5b8f9729d_s1.png
2025-08-28 12:12:33,626 - __main__ - INFO - Fichier supprimé: static/exercises\20250819_102338_c3a74ef9d9cf4c348229c1e5b8f9729d_s1.png
2025-08-28 12:12:33,627 - __main__ - INFO - Fichier sauvegardé: static/exercises\20250819_102456_7907b664f9954929a6a6a2da497656ce_s1.png -> static/backup_duplicates\20250819_102456_7907b664f9954929a6a6a2da497656ce_s1.png
2025-08-28 12:12:33,632 - __main__ - INFO - Fichier supprimé: static/exercises\20250819_102456_7907b664f9954929a6a6a2da497656ce_s1.png
2025-08-28 12:12:33,633 - __main__ - INFO - Fichier sauvegardé: static/exercises\20250819_204826_991739f9ffc4478f860558a62cbb41d7_s1.png -> static/backup_duplicates\20250819_204826_991739f9ffc4478f860558a62cbb41d7_s1.png
2025-08-28 12:12:33,633 - __main__ - INFO - Fichier supprimé: static/exercises\20250819_204826_991739f9ffc4478f860558a62cbb41d7_s1.png
2025-08-28 12:12:33,635 - __main__ - INFO - Fichier sauvegardé: static/exercises/image_labeling\20250819_105842_41dd0197fa534d388c191f3155e49b7e_s1.png -> static/backup_duplicates\20250819_105842_41dd0197fa534d388c191f3155e49b7e_s1.png
2025-08-28 12:12:33,635 - __main__ - INFO - Fichier supprimé: static/exercises/image_labeling\20250819_105842_41dd0197fa534d388c191f3155e49b7e_s1.png
2025-08-28 12:12:33,671 - __main__ - INFO - Fichier sauvegardé: static/exercises/image_labeling\20250819_110702_d7e25b3ce61e4c199af0ae0db2bcb2a3_s1.png -> static/backup_duplicates\20250819_110702_d7e25b3ce61e4c199af0ae0db2bcb2a3_s1.png
2025-08-28 12:12:33,672 - __main__ - INFO - Fichier supprimé: static/exercises/image_labeling\20250819_110702_d7e25b3ce61e4c199af0ae0db2bcb2a3_s1.png
2025-08-28 12:12:33,705 - __main__ - INFO - Fichier sauvegardé: static/exercises/image_labeling\20250819_111252_e2c2d4c295aa43709cb366f78b15fdd3_s1.png -> static/backup_duplicates\20250819_111252_e2c2d4c295aa43709cb366f78b15fdd3_s1.png
2025-08-28 12:12:33,706 - __main__ - INFO - Fichier supprimé: static/exercises/image_labeling\20250819_111252_e2c2d4c295aa43709cb366f78b15fdd3_s1.png
2025-08-28 12:12:33,706 - __main__ - INFO - Traitement du groupe de doublons: ['static/uploads/exercises/image_labeling\\image_20250825_131730.png', 'static/uploads/exercises/image_labeling\\image_20250825_234850.png', 'static/uploads/exercises\\Capture_decran_2025-08-12_174224_20250826_225424_u4VFn7.png', 'static/exercises\\1755794770_4atkyj.png', 'static/exercises\\1755796779_vndqbg.png', "static/exercises\\20250819_103957_6ba2e3bc213f4d72adbc729c9520b3f8_Capture d'écran 2025-08-12 174224.png", "static/exercises\\20250819_150216_f6a04391b97b4c7dac8d571277c4b13a_Capture d'écran 2025-08-12 174224.png", "static/exercises\\20250819_155444_2f9bdaa181f04f92b1d688a2303629ac_Capture d'écran 2025-08-12 174224.png", "static/exercises\\20250819_205438_31ba8fa8b7fb4652841e5229487b847a_Capture d'écran 2025-08-12 174224.png", "static/exercises\\20250819_210016_10786132d860461e86d72bd5eef97faa_Capture d'écran 2025-08-12 174224.png", "static/exercises\\20250819_211405_65cd7198bd70481181274eee4ff8c7fd_Capture d'écran 2025-08-12 174224.png", "static/exercises\\20250819_213636_7dbe97ae817c45dd936b03dd540e95ed_Capture d'écran 2025-08-12 174224.png", "static/exercises\\20250821_002802_bb4eff7efdf249e48eeb416609b6a722_Capture d'écran 2025-08-12 174224.png", "static/exercises\\20250821_003503_615f5329ff924eedb31b56b8284171ac_Capture d'écran 2025-08-12 174224.png", 'static/exercises\\qcm_20250824_130404_6629a97d.png']
2025-08-28 12:12:33,706 - __main__ - INFO - Fichier à conserver: static/uploads/exercises\Capture_decran_2025-08-12_174224_20250826_225424_u4VFn7.png
2025-08-28 12:12:33,706 - __main__ - INFO - Fichiers à supprimer: ['static/uploads/exercises/image_labeling\\image_20250825_131730.png', 'static/uploads/exercises/image_labeling\\image_20250825_234850.png', 'static/exercises\\1755794770_4atkyj.png', 'static/exercises\\1755796779_vndqbg.png', 'static/exercises\\qcm_20250824_130404_6629a97d.png', "static/exercises\\20250819_103957_6ba2e3bc213f4d72adbc729c9520b3f8_Capture d'écran 2025-08-12 174224.png", "static/exercises\\20250819_150216_f6a04391b97b4c7dac8d571277c4b13a_Capture d'écran 2025-08-12 174224.png", "static/exercises\\20250819_155444_2f9bdaa181f04f92b1d688a2303629ac_Capture d'écran 2025-08-12 174224.png", "static/exercises\\20250819_205438_31ba8fa8b7fb4652841e5229487b847a_Capture d'écran 2025-08-12 174224.png", "static/exercises\\20250819_210016_10786132d860461e86d72bd5eef97faa_Capture d'écran 2025-08-12 174224.png", "static/exercises\\20250819_211405_65cd7198bd70481181274eee4ff8c7fd_Capture d'écran 2025-08-12 174224.png", "static/exercises\\20250819_213636_7dbe97ae817c45dd936b03dd540e95ed_Capture d'écran 2025-08-12 174224.png", "static/exercises\\20250821_002802_bb4eff7efdf249e48eeb416609b6a722_Capture d'écran 2025-08-12 174224.png", "static/exercises\\20250821_003503_615f5329ff924eedb31b56b8284171ac_Capture d'écran 2025-08-12 174224.png"]
2025-08-28 12:12:33,707 - __main__ - ERROR - Erreur lors de la mise à jour de la base de données: type object 'Config' has no attribute 'SQLALCHEMY_DATABASE_URI'
2025-08-28 12:12:33,708 - __main__ - INFO - Fichier sauvegardé: static/uploads/exercises/image_labeling\image_20250825_131730.png -> static/backup_duplicates\image_20250825_131730.png
2025-08-28 12:12:33,709 - __main__ - INFO - Fichier supprimé: static/uploads/exercises/image_labeling\image_20250825_131730.png
2025-08-28 12:12:33,710 - __main__ - INFO - Fichier sauvegardé: static/uploads/exercises/image_labeling\image_20250825_234850.png -> static/backup_duplicates\image_20250825_234850.png
2025-08-28 12:12:33,710 - __main__ - INFO - Fichier supprimé: static/uploads/exercises/image_labeling\image_20250825_234850.png
2025-08-28 12:12:33,712 - __main__ - INFO - Fichier sauvegardé: static/exercises\1755794770_4atkyj.png -> static/backup_duplicates\1755794770_4atkyj.png
2025-08-28 12:12:33,712 - __main__ - INFO - Fichier supprimé: static/exercises\1755794770_4atkyj.png
2025-08-28 12:12:33,714 - __main__ - INFO - Fichier sauvegardé: static/exercises\1755796779_vndqbg.png -> static/backup_duplicates\1755796779_vndqbg.png
2025-08-28 12:12:33,714 - __main__ - INFO - Fichier supprimé: static/exercises\1755796779_vndqbg.png
2025-08-28 12:12:33,716 - __main__ - INFO - Fichier sauvegardé: static/exercises\qcm_20250824_130404_6629a97d.png -> static/backup_duplicates\qcm_20250824_130404_6629a97d.png
2025-08-28 12:12:33,716 - __main__ - INFO - Fichier supprimé: static/exercises\qcm_20250824_130404_6629a97d.png
2025-08-28 12:12:33,719 - __main__ - INFO - Fichier sauvegardé: static/exercises\20250819_103957_6ba2e3bc213f4d72adbc729c9520b3f8_Capture d'écran 2025-08-12 174224.png -> static/backup_duplicates\20250819_103957_6ba2e3bc213f4d72adbc729c9520b3f8_Capture d'écran 2025-08-12 174224.png
2025-08-28 12:12:33,720 - __main__ - INFO - Fichier supprimé: static/exercises\20250819_103957_6ba2e3bc213f4d72adbc729c9520b3f8_Capture d'écran 2025-08-12 174224.png
2025-08-28 12:12:33,722 - __main__ - INFO - Fichier sauvegardé: static/exercises\20250819_150216_f6a04391b97b4c7dac8d571277c4b13a_Capture d'écran 2025-08-12 174224.png -> static/backup_duplicates\20250819_150216_f6a04391b97b4c7dac8d571277c4b13a_Capture d'écran 2025-08-12 174224.png
2025-08-28 12:12:33,722 - __main__ - INFO - Fichier supprimé: static/exercises\20250819_150216_f6a04391b97b4c7dac8d571277c4b13a_Capture d'écran 2025-08-12 174224.png
2025-08-28 12:12:33,724 - __main__ - INFO - Fichier sauvegardé: static/exercises\20250819_155444_2f9bdaa181f04f92b1d688a2303629ac_Capture d'écran 2025-08-12 174224.png -> static/backup_duplicates\20250819_155444_2f9bdaa181f04f92b1d688a2303629ac_Capture d'écran 2025-08-12 174224.png
2025-08-28 12:12:33,724 - __main__ - INFO - Fichier supprimé: static/exercises\20250819_155444_2f9bdaa181f04f92b1d688a2303629ac_Capture d'écran 2025-08-12 174224.png
2025-08-28 12:12:33,726 - __main__ - INFO - Fichier sauvegardé: static/exercises\20250819_205438_31ba8fa8b7fb4652841e5229487b847a_Capture d'écran 2025-08-12 174224.png -> static/backup_duplicates\20250819_205438_31ba8fa8b7fb4652841e5229487b847a_Capture d'écran 2025-08-12 174224.png
2025-08-28 12:12:33,726 - __main__ - INFO - Fichier supprimé: static/exercises\20250819_205438_31ba8fa8b7fb4652841e5229487b847a_Capture d'écran 2025-08-12 174224.png
2025-08-28 12:12:33,728 - __main__ - INFO - Fichier sauvegardé: static/exercises\20250819_210016_10786132d860461e86d72bd5eef97faa_Capture d'écran 2025-08-12 174224.png -> static/backup_duplicates\20250819_210016_10786132d860461e86d72bd5eef97faa_Capture d'écran 2025-08-12 174224.png
2025-08-28 12:12:33,728 - __main__ - INFO - Fichier supprimé: static/exercises\20250819_210016_10786132d860461e86d72bd5eef97faa_Capture d'écran 2025-08-12 174224.png
2025-08-28 12:12:33,747 - __main__ - INFO - Fichier sauvegardé: static/exercises\20250819_211405_65cd7198bd70481181274eee4ff8c7fd_Capture d'écran 2025-08-12 174224.png -> static/backup_duplicates\20250819_211405_65cd7198bd70481181274eee4ff8c7fd_Capture d'écran 2025-08-12 174224.png
2025-08-28 12:12:33,748 - __main__ - INFO - Fichier supprimé: static/exercises\20250819_211405_65cd7198bd70481181274eee4ff8c7fd_Capture d'écran 2025-08-12 174224.png
2025-08-28 12:12:33,749 - __main__ - INFO - Fichier sauvegardé: static/exercises\20250819_213636_7dbe97ae817c45dd936b03dd540e95ed_Capture d'écran 2025-08-12 174224.png -> static/backup_duplicates\20250819_213636_7dbe97ae817c45dd936b03dd540e95ed_Capture d'écran 2025-08-12 174224.png
2025-08-28 12:12:33,750 - __main__ - INFO - Fichier supprimé: static/exercises\20250819_213636_7dbe97ae817c45dd936b03dd540e95ed_Capture d'écran 2025-08-12 174224.png
2025-08-28 12:12:33,752 - __main__ - INFO - Fichier sauvegardé: static/exercises\20250821_002802_bb4eff7efdf249e48eeb416609b6a722_Capture d'écran 2025-08-12 174224.png -> static/backup_duplicates\20250821_002802_bb4eff7efdf249e48eeb416609b6a722_Capture d'écran 2025-08-12 174224.png
2025-08-28 12:12:33,753 - __main__ - INFO - Fichier supprimé: static/exercises\20250821_002802_bb4eff7efdf249e48eeb416609b6a722_Capture d'écran 2025-08-12 174224.png
2025-08-28 12:12:33,754 - __main__ - INFO - Fichier sauvegardé: static/exercises\20250821_003503_615f5329ff924eedb31b56b8284171ac_Capture d'écran 2025-08-12 174224.png -> static/backup_duplicates\20250821_003503_615f5329ff924eedb31b56b8284171ac_Capture d'écran 2025-08-12 174224.png
2025-08-28 12:12:33,755 - __main__ - INFO - Fichier supprimé: static/exercises\20250821_003503_615f5329ff924eedb31b56b8284171ac_Capture d'écran 2025-08-12 174224.png
2025-08-28 12:12:33,755 - __main__ - INFO - Traitement du groupe de doublons: ['static/uploads/exercises/image_labeling\\image_20250825_165738.png', 'static/uploads/exercises\\Capture_decran_2025-08-12_180016_20250826_230344_j7xpED.png', "static/exercises\\20250819_135545_8115fff7ea3a4f6a9adeb00c3350fb3f_Capture d'écran 2025-08-12 180016.png", "static/exercises\\20250819_140822_4997414f57844d998ba067cb627fee15_Capture d'écran 2025-08-12 180016.png", "static/exercises\\20250819_143152_f60fd29f19e44650b2ecc879f78782b4_Capture d'écran 2025-08-12 180016.png", "static/exercises\\20250819_145533_6a9d9a2d4a4546359aae2521953f8cc9_Capture d'écran 2025-08-12 180016.png", "static/exercises\\Capture d'écran 2025-08-12 180016_20250822_200344_iSYeN3.png", 'static/exercises\\qcm_20250824_001159_43396886.png', 'static/exercises\\qcm_20250824_183421_a2a23eff.png', 'static/exercises\\qcm_20250824_185143_677d957a.png', 'static/exercises\\qcm_20250826_000550_c9107653.png']
2025-08-28 12:12:33,755 - __main__ - INFO - Fichier à conserver: static/uploads/exercises\Capture_decran_2025-08-12_180016_20250826_230344_j7xpED.png
2025-08-28 12:12:33,756 - __main__ - INFO - Fichiers à supprimer: ['static/uploads/exercises/image_labeling\\image_20250825_165738.png', 'static/exercises\\qcm_20250824_001159_43396886.png', 'static/exercises\\qcm_20250824_183421_a2a23eff.png', 'static/exercises\\qcm_20250824_185143_677d957a.png', 'static/exercises\\qcm_20250826_000550_c9107653.png', "static/exercises\\20250819_135545_8115fff7ea3a4f6a9adeb00c3350fb3f_Capture d'écran 2025-08-12 180016.png", "static/exercises\\20250819_140822_4997414f57844d998ba067cb627fee15_Capture d'écran 2025-08-12 180016.png", "static/exercises\\20250819_143152_f60fd29f19e44650b2ecc879f78782b4_Capture d'écran 2025-08-12 180016.png", "static/exercises\\20250819_145533_6a9d9a2d4a4546359aae2521953f8cc9_Capture d'écran 2025-08-12 180016.png", "static/exercises\\Capture d'écran 2025-08-12 180016_20250822_200344_iSYeN3.png"]
2025-08-28 12:12:33,756 - __main__ - ERROR - Erreur lors de la mise à jour de la base de données: type object 'Config' has no attribute 'SQLALCHEMY_DATABASE_URI'
2025-08-28 12:12:33,757 - __main__ - INFO - Fichier sauvegardé: static/uploads/exercises/image_labeling\image_20250825_165738.png -> static/backup_duplicates\image_20250825_165738.png
2025-08-28 12:12:33,758 - __main__ - INFO - Fichier supprimé: static/uploads/exercises/image_labeling\image_20250825_165738.png
2025-08-28 12:12:33,759 - __main__ - INFO - Fichier sauvegardé: static/exercises\qcm_20250824_001159_43396886.png -> static/backup_duplicates\qcm_20250824_001159_43396886.png
2025-08-28 12:12:33,803 - __main__ - INFO - Fichier supprimé: static/exercises\qcm_20250824_001159_43396886.png
2025-08-28 12:12:33,804 - __main__ - INFO - Fichier sauvegardé: static/exercises\qcm_20250824_183421_a2a23eff.png -> static/backup_duplicates\qcm_20250824_183421_a2a23eff.png
2025-08-28 12:12:33,805 - __main__ - INFO - Fichier supprimé: static/exercises\qcm_20250824_183421_a2a23eff.png
2025-08-28 12:12:33,806 - __main__ - INFO - Fichier sauvegardé: static/exercises\qcm_20250824_185143_677d957a.png -> static/backup_duplicates\qcm_20250824_185143_677d957a.png
2025-08-28 12:12:33,807 - __main__ - INFO - Fichier supprimé: static/exercises\qcm_20250824_185143_677d957a.png
2025-08-28 12:12:33,809 - __main__ - INFO - Fichier sauvegardé: static/exercises\qcm_20250826_000550_c9107653.png -> static/backup_duplicates\qcm_20250826_000550_c9107653.png
2025-08-28 12:12:33,829 - __main__ - INFO - Fichier supprimé: static/exercises\qcm_20250826_000550_c9107653.png
2025-08-28 12:12:33,831 - __main__ - INFO - Fichier sauvegardé: static/exercises\20250819_135545_8115fff7ea3a4f6a9adeb00c3350fb3f_Capture d'écran 2025-08-12 180016.png -> static/backup_duplicates\20250819_135545_8115fff7ea3a4f6a9adeb00c3350fb3f_Capture d'écran 2025-08-12 180016.png
2025-08-28 12:12:33,831 - __main__ - INFO - Fichier supprimé: static/exercises\20250819_135545_8115fff7ea3a4f6a9adeb00c3350fb3f_Capture d'écran 2025-08-12 180016.png
2025-08-28 12:12:33,832 - __main__ - INFO - Fichier sauvegardé: static/exercises\20250819_140822_4997414f57844d998ba067cb627fee15_Capture d'écran 2025-08-12 180016.png -> static/backup_duplicates\20250819_140822_4997414f57844d998ba067cb627fee15_Capture d'écran 2025-08-12 180016.png
2025-08-28 12:12:33,833 - __main__ - INFO - Fichier supprimé: static/exercises\20250819_140822_4997414f57844d998ba067cb627fee15_Capture d'écran 2025-08-12 180016.png
2025-08-28 12:12:33,835 - __main__ - INFO - Fichier sauvegardé: static/exercises\20250819_143152_f60fd29f19e44650b2ecc879f78782b4_Capture d'écran 2025-08-12 180016.png -> static/backup_duplicates\20250819_143152_f60fd29f19e44650b2ecc879f78782b4_Capture d'écran 2025-08-12 180016.png
2025-08-28 12:12:33,836 - __main__ - INFO - Fichier supprimé: static/exercises\20250819_143152_f60fd29f19e44650b2ecc879f78782b4_Capture d'écran 2025-08-12 180016.png
2025-08-28 12:12:33,837 - __main__ - INFO - Fichier sauvegardé: static/exercises\20250819_145533_6a9d9a2d4a4546359aae2521953f8cc9_Capture d'écran 2025-08-12 180016.png -> static/backup_duplicates\20250819_145533_6a9d9a2d4a4546359aae2521953f8cc9_Capture d'écran 2025-08-12 180016.png
2025-08-28 12:12:33,837 - __main__ - INFO - Fichier supprimé: static/exercises\20250819_145533_6a9d9a2d4a4546359aae2521953f8cc9_Capture d'écran 2025-08-12 180016.png
2025-08-28 12:12:33,839 - __main__ - INFO - Fichier sauvegardé: static/exercises\Capture d'écran 2025-08-12 180016_20250822_200344_iSYeN3.png -> static/backup_duplicates\Capture d'écran 2025-08-12 180016_20250822_200344_iSYeN3.png
2025-08-28 12:12:33,839 - __main__ - INFO - Fichier supprimé: static/exercises\Capture d'écran 2025-08-12 180016_20250822_200344_iSYeN3.png
2025-08-28 12:12:33,840 - __main__ - INFO - Traitement du groupe de doublons: ['static/uploads/exercises/image_labeling\\image_20250825_234705.png', 'static/exercises\\1755792651_4jyy6r.png', 'static/exercises\\1755885762_db94a6.png', "static/exercises\\20250821_004131_4f6858fa512249238698cc5c3bb1df34_Capture d'écran 2025-08-14 151156.png", "static/exercises\\Capture d'écran 2025-08-14 151156_20250822_181353_azh48Q.png", "static/exercises\\Capture d'écran 2025-08-14 151156_20250822_181548_qLRuFL.png", "static/exercises\\Capture d'écran 2025-08-14 151156_20250822_181723_bTlcZb.png", "static/exercises\\Capture d'écran 2025-08-14 151156_20250822_181823_i0QRzO.png", "static/exercises\\Capture d'écran 2025-08-14 151156_20250822_194931_TWAsl7.png"]
2025-08-28 12:12:33,840 - __main__ - INFO - Fichier à conserver: static/uploads/exercises/image_labeling\image_20250825_234705.png
2025-08-28 12:12:33,840 - __main__ - INFO - Fichiers à supprimer: ['static/exercises\\1755792651_4jyy6r.png', 'static/exercises\\1755885762_db94a6.png', "static/exercises\\20250821_004131_4f6858fa512249238698cc5c3bb1df34_Capture d'écran 2025-08-14 151156.png", "static/exercises\\Capture d'écran 2025-08-14 151156_20250822_181353_azh48Q.png", "static/exercises\\Capture d'écran 2025-08-14 151156_20250822_181548_qLRuFL.png", "static/exercises\\Capture d'écran 2025-08-14 151156_20250822_181723_bTlcZb.png", "static/exercises\\Capture d'écran 2025-08-14 151156_20250822_181823_i0QRzO.png", "static/exercises\\Capture d'écran 2025-08-14 151156_20250822_194931_TWAsl7.png"]
2025-08-28 12:12:33,840 - __main__ - ERROR - Erreur lors de la mise à jour de la base de données: type object 'Config' has no attribute 'SQLALCHEMY_DATABASE_URI'
2025-08-28 12:12:33,842 - __main__ - INFO - Fichier sauvegardé: static/exercises\1755792651_4jyy6r.png -> static/backup_duplicates\1755792651_4jyy6r.png
2025-08-28 12:12:33,842 - __main__ - INFO - Fichier supprimé: static/exercises\1755792651_4jyy6r.png
2025-08-28 12:12:33,844 - __main__ - INFO - Fichier sauvegardé: static/exercises\1755885762_db94a6.png -> static/backup_duplicates\1755885762_db94a6.png
2025-08-28 12:12:33,845 - __main__ - INFO - Fichier supprimé: static/exercises\1755885762_db94a6.png
2025-08-28 12:12:33,846 - __main__ - INFO - Fichier sauvegardé: static/exercises\20250821_004131_4f6858fa512249238698cc5c3bb1df34_Capture d'écran 2025-08-14 151156.png -> static/backup_duplicates\20250821_004131_4f6858fa512249238698cc5c3bb1df34_Capture d'écran 2025-08-14 151156.png
2025-08-28 12:12:33,847 - __main__ - INFO - Fichier supprimé: static/exercises\20250821_004131_4f6858fa512249238698cc5c3bb1df34_Capture d'écran 2025-08-14 151156.png
2025-08-28 12:12:33,848 - __main__ - INFO - Fichier sauvegardé: static/exercises\Capture d'écran 2025-08-14 151156_20250822_181353_azh48Q.png -> static/backup_duplicates\Capture d'écran 2025-08-14 151156_20250822_181353_azh48Q.png
2025-08-28 12:12:33,849 - __main__ - INFO - Fichier supprimé: static/exercises\Capture d'écran 2025-08-14 151156_20250822_181353_azh48Q.png
2025-08-28 12:12:33,851 - __main__ - INFO - Fichier sauvegardé: static/exercises\Capture d'écran 2025-08-14 151156_20250822_181548_qLRuFL.png -> static/backup_duplicates\Capture d'écran 2025-08-14 151156_20250822_181548_qLRuFL.png
2025-08-28 12:12:33,852 - __main__ - INFO - Fichier supprimé: static/exercises\Capture d'écran 2025-08-14 151156_20250822_181548_qLRuFL.png
2025-08-28 12:12:33,853 - __main__ - INFO - Fichier sauvegardé: static/exercises\Capture d'écran 2025-08-14 151156_20250822_181723_bTlcZb.png -> static/backup_duplicates\Capture d'écran 2025-08-14 151156_20250822_181723_bTlcZb.png
2025-08-28 12:12:33,854 - __main__ - INFO - Fichier supprimé: static/exercises\Capture d'écran 2025-08-14 151156_20250822_181723_bTlcZb.png
2025-08-28 12:12:33,855 - __main__ - INFO - Fichier sauvegardé: static/exercises\Capture d'écran 2025-08-14 151156_20250822_181823_i0QRzO.png -> static/backup_duplicates\Capture d'écran 2025-08-14 151156_20250822_181823_i0QRzO.png
2025-08-28 12:12:33,856 - __main__ - INFO - Fichier supprimé: static/exercises\Capture d'écran 2025-08-14 151156_20250822_181823_i0QRzO.png
2025-08-28 12:12:33,858 - __main__ - INFO - Fichier sauvegardé: static/exercises\Capture d'écran 2025-08-14 151156_20250822_194931_TWAsl7.png -> static/backup_duplicates\Capture d'écran 2025-08-14 151156_20250822_194931_TWAsl7.png
2025-08-28 12:12:33,858 - __main__ - INFO - Fichier supprimé: static/exercises\Capture d'écran 2025-08-14 151156_20250822_194931_TWAsl7.png
2025-08-28 12:12:33,858 - __main__ - INFO - Traitement du groupe de doublons: ['static/uploads/exercises\\Capture_decran_2025-08-19_222831_20250827_195332_RWwZvg.png', 'static/uploads/exercises\\Capture_decran_2025-08-19_222831_20250827_200015_19vy5L.png', 'static/uploads/exercises\\Capture_decran_2025-08-19_222831_20250827_200824_uatwja.png', 'static/exercises\\20250821_001623_311d350b127c40e3b832dd5be4eee092_Capture d’écran 2025-08-19 222831.png', 'static/exercises\\20250821_002156_e42e737e2ccb442981968811f617b671_Capture d’écran 2025-08-19 222831.png', 'static/exercises\\qcm_20250823_235038_3da85263.png']
2025-08-28 12:12:33,859 - __main__ - INFO - Fichier à conserver: static/uploads/exercises\Capture_decran_2025-08-19_222831_20250827_195332_RWwZvg.png
2025-08-28 12:12:33,859 - __main__ - INFO - Fichiers à supprimer: ['static/uploads/exercises\\Capture_decran_2025-08-19_222831_20250827_200015_19vy5L.png', 'static/uploads/exercises\\Capture_decran_2025-08-19_222831_20250827_200824_uatwja.png', 'static/exercises\\qcm_20250823_235038_3da85263.png', 'static/exercises\\20250821_001623_311d350b127c40e3b832dd5be4eee092_Capture d’écran 2025-08-19 222831.png', 'static/exercises\\20250821_002156_e42e737e2ccb442981968811f617b671_Capture d’écran 2025-08-19 222831.png']
2025-08-28 12:12:33,859 - __main__ - ERROR - Erreur lors de la mise à jour de la base de données: type object 'Config' has no attribute 'SQLALCHEMY_DATABASE_URI'
2025-08-28 12:12:33,861 - __main__ - INFO - Fichier sauvegardé: static/uploads/exercises\Capture_decran_2025-08-19_222831_20250827_200015_19vy5L.png -> static/backup_duplicates\Capture_decran_2025-08-19_222831_20250827_200015_19vy5L.png
2025-08-28 12:12:33,862 - __main__ - INFO - Fichier supprimé: static/uploads/exercises\Capture_decran_2025-08-19_222831_20250827_200015_19vy5L.png
2025-08-28 12:12:33,863 - __main__ - INFO - Fichier sauvegardé: static/uploads/exercises\Capture_decran_2025-08-19_222831_20250827_200824_uatwja.png -> static/backup_duplicates\Capture_decran_2025-08-19_222831_20250827_200824_uatwja.png
2025-08-28 12:12:33,864 - __main__ - INFO - Fichier supprimé: static/uploads/exercises\Capture_decran_2025-08-19_222831_20250827_200824_uatwja.png
2025-08-28 12:12:33,865 - __main__ - INFO - Fichier sauvegardé: static/exercises\qcm_20250823_235038_3da85263.png -> static/backup_duplicates\qcm_20250823_235038_3da85263.png
2025-08-28 12:12:33,866 - __main__ - INFO - Fichier supprimé: static/exercises\qcm_20250823_235038_3da85263.png
2025-08-28 12:12:33,867 - __main__ - INFO - Fichier sauvegardé: static/exercises\20250821_001623_311d350b127c40e3b832dd5be4eee092_Capture d’écran 2025-08-19 222831.png -> static/backup_duplicates\20250821_001623_311d350b127c40e3b832dd5be4eee092_Capture d’écran 2025-08-19 222831.png
2025-08-28 12:12:33,868 - __main__ - INFO - Fichier supprimé: static/exercises\20250821_001623_311d350b127c40e3b832dd5be4eee092_Capture d’écran 2025-08-19 222831.png
2025-08-28 12:12:33,870 - __main__ - INFO - Fichier sauvegardé: static/exercises\20250821_002156_e42e737e2ccb442981968811f617b671_Capture d’écran 2025-08-19 222831.png -> static/backup_duplicates\20250821_002156_e42e737e2ccb442981968811f617b671_Capture d’écran 2025-08-19 222831.png
2025-08-28 12:12:33,871 - __main__ - INFO - Fichier supprimé: static/exercises\20250821_002156_e42e737e2ccb442981968811f617b671_Capture d’écran 2025-08-19 222831.png
2025-08-28 12:12:33,871 - __main__ - INFO - Traitement du groupe de doublons: ["static/exercises/image_labeling\\20250819_105640_575881388f6f4b0c831d00f60cca57b9_Capture d'écran 2025-08-14 145027.png", 'static/exercises\\1755795790_s8uc2k.png', 'static/exercises\\qcm_20250826_001731_087b50ef.png', 'static/exercises\\qcm_20250826_022603_8510054a.png', 'static/exercises\\qcm_20250826_023537_9a5c3a3e.png', 'static/exercises\\qcm_20250826_191920_cf250c85.png']
2025-08-28 12:12:33,871 - __main__ - INFO - Fichier à conserver: static/exercises\1755795790_s8uc2k.png
2025-08-28 12:12:33,871 - __main__ - INFO - Fichiers à supprimer: ['static/exercises\\qcm_20250826_001731_087b50ef.png', 'static/exercises\\qcm_20250826_022603_8510054a.png', 'static/exercises\\qcm_20250826_023537_9a5c3a3e.png', 'static/exercises\\qcm_20250826_191920_cf250c85.png', "static/exercises/image_labeling\\20250819_105640_575881388f6f4b0c831d00f60cca57b9_Capture d'écran 2025-08-14 145027.png"]
2025-08-28 12:12:33,871 - __main__ - ERROR - Erreur lors de la mise à jour de la base de données: type object 'Config' has no attribute 'SQLALCHEMY_DATABASE_URI'
2025-08-28 12:12:33,872 - __main__ - INFO - Fichier sauvegardé: static/exercises\qcm_20250826_001731_087b50ef.png -> static/backup_duplicates\qcm_20250826_001731_087b50ef.png
2025-08-28 12:12:33,873 - __main__ - INFO - Fichier supprimé: static/exercises\qcm_20250826_001731_087b50ef.png
2025-08-28 12:12:33,874 - __main__ - INFO - Fichier sauvegardé: static/exercises\qcm_20250826_022603_8510054a.png -> static/backup_duplicates\qcm_20250826_022603_8510054a.png
2025-08-28 12:12:33,889 - __main__ - INFO - Fichier supprimé: static/exercises\qcm_20250826_022603_8510054a.png
2025-08-28 12:12:33,890 - __main__ - INFO - Fichier sauvegardé: static/exercises\qcm_20250826_023537_9a5c3a3e.png -> static/backup_duplicates\qcm_20250826_023537_9a5c3a3e.png
2025-08-28 12:12:33,890 - __main__ - INFO - Fichier supprimé: static/exercises\qcm_20250826_023537_9a5c3a3e.png
2025-08-28 12:12:33,891 - __main__ - INFO - Fichier sauvegardé: static/exercises\qcm_20250826_191920_cf250c85.png -> static/backup_duplicates\qcm_20250826_191920_cf250c85.png
2025-08-28 12:12:33,892 - __main__ - INFO - Fichier supprimé: static/exercises\qcm_20250826_191920_cf250c85.png
2025-08-28 12:12:33,893 - __main__ - INFO - Fichier sauvegardé: static/exercises/image_labeling\20250819_105640_575881388f6f4b0c831d00f60cca57b9_Capture d'écran 2025-08-14 145027.png -> static/backup_duplicates\20250819_105640_575881388f6f4b0c831d00f60cca57b9_Capture d'écran 2025-08-14 145027.png
2025-08-28 12:12:33,893 - __main__ - INFO - Fichier supprimé: static/exercises/image_labeling\20250819_105640_575881388f6f4b0c831d00f60cca57b9_Capture d'écran 2025-08-14 145027.png
2025-08-28 12:12:33,893 - __main__ - INFO - Traitement du groupe de doublons: ['static/exercises\\1755975915_fpk79k.png', 'static/exercises\\20250820_225637_aae938d6574b48dd89b205f139144901_Capture d’écran 2025-08-19 222708.png', 'static/exercises\\20250820_230430_8c4a3c9c5b3a48958911e9c83a29921b_Capture d’écran 2025-08-19 222708.png', 'static/exercises\\20250820_231127_3b80eecd3bc04dc8910d76f7b28d6d3c_Capture d’écran 2025-08-19 222708.png', 'static/exercises\\20250821_001422_3f8d0cf5fac644489ce90206b6435c12_Capture d’écran 2025-08-19 222708.png', 'static/exercises\\20250821_001514_ddb7bedbcd3340648334ec65eb71177d_Capture d’écran 2025-08-19 222708.png', 'static/exercises\\qcm_20250823_232504_00fe36b3.png', 'static/exercises\\qcm_20250824_000202_8536a204.png']
2025-08-28 12:12:33,893 - __main__ - INFO - Fichier à conserver: static/exercises\1755975915_fpk79k.png
2025-08-28 12:12:33,894 - __main__ - INFO - Fichiers à supprimer: ['static/exercises\\qcm_20250823_232504_00fe36b3.png', 'static/exercises\\qcm_20250824_000202_8536a204.png', 'static/exercises\\20250820_225637_aae938d6574b48dd89b205f139144901_Capture d’écran 2025-08-19 222708.png', 'static/exercises\\20250820_230430_8c4a3c9c5b3a48958911e9c83a29921b_Capture d’écran 2025-08-19 222708.png', 'static/exercises\\20250820_231127_3b80eecd3bc04dc8910d76f7b28d6d3c_Capture d’écran 2025-08-19 222708.png', 'static/exercises\\20250821_001422_3f8d0cf5fac644489ce90206b6435c12_Capture d’écran 2025-08-19 222708.png', 'static/exercises\\20250821_001514_ddb7bedbcd3340648334ec65eb71177d_Capture d’écran 2025-08-19 222708.png']
2025-08-28 12:12:33,894 - __main__ - ERROR - Erreur lors de la mise à jour de la base de données: type object 'Config' has no attribute 'SQLALCHEMY_DATABASE_URI'
2025-08-28 12:12:33,895 - __main__ - INFO - Fichier sauvegardé: static/exercises\qcm_20250823_232504_00fe36b3.png -> static/backup_duplicates\qcm_20250823_232504_00fe36b3.png
2025-08-28 12:12:33,895 - __main__ - INFO - Fichier supprimé: static/exercises\qcm_20250823_232504_00fe36b3.png
2025-08-28 12:12:33,912 - __main__ - INFO - Fichier sauvegardé: static/exercises\qcm_20250824_000202_8536a204.png -> static/backup_duplicates\qcm_20250824_000202_8536a204.png
2025-08-28 12:12:33,912 - __main__ - INFO - Fichier supprimé: static/exercises\qcm_20250824_000202_8536a204.png
2025-08-28 12:12:33,913 - __main__ - INFO - Fichier sauvegardé: static/exercises\20250820_225637_aae938d6574b48dd89b205f139144901_Capture d’écran 2025-08-19 222708.png -> static/backup_duplicates\20250820_225637_aae938d6574b48dd89b205f139144901_Capture d’écran 2025-08-19 222708.png
2025-08-28 12:12:33,914 - __main__ - INFO - Fichier supprimé: static/exercises\20250820_225637_aae938d6574b48dd89b205f139144901_Capture d’écran 2025-08-19 222708.png
2025-08-28 12:12:33,915 - __main__ - INFO - Fichier sauvegardé: static/exercises\20250820_230430_8c4a3c9c5b3a48958911e9c83a29921b_Capture d’écran 2025-08-19 222708.png -> static/backup_duplicates\20250820_230430_8c4a3c9c5b3a48958911e9c83a29921b_Capture d’écran 2025-08-19 222708.png
2025-08-28 12:12:33,916 - __main__ - INFO - Fichier supprimé: static/exercises\20250820_230430_8c4a3c9c5b3a48958911e9c83a29921b_Capture d’écran 2025-08-19 222708.png
2025-08-28 12:12:33,918 - __main__ - INFO - Fichier sauvegardé: static/exercises\20250820_231127_3b80eecd3bc04dc8910d76f7b28d6d3c_Capture d’écran 2025-08-19 222708.png -> static/backup_duplicates\20250820_231127_3b80eecd3bc04dc8910d76f7b28d6d3c_Capture d’écran 2025-08-19 222708.png
2025-08-28 12:12:33,918 - __main__ - INFO - Fichier supprimé: static/exercises\20250820_231127_3b80eecd3bc04dc8910d76f7b28d6d3c_Capture d’écran 2025-08-19 222708.png
2025-08-28 12:12:33,920 - __main__ - INFO - Fichier sauvegardé: static/exercises\20250821_001422_3f8d0cf5fac644489ce90206b6435c12_Capture d’écran 2025-08-19 222708.png -> static/backup_duplicates\20250821_001422_3f8d0cf5fac644489ce90206b6435c12_Capture d’écran 2025-08-19 222708.png
2025-08-28 12:12:33,921 - __main__ - INFO - Fichier supprimé: static/exercises\20250821_001422_3f8d0cf5fac644489ce90206b6435c12_Capture d’écran 2025-08-19 222708.png
2025-08-28 12:12:33,922 - __main__ - INFO - Fichier sauvegardé: static/exercises\20250821_001514_ddb7bedbcd3340648334ec65eb71177d_Capture d’écran 2025-08-19 222708.png -> static/backup_duplicates\20250821_001514_ddb7bedbcd3340648334ec65eb71177d_Capture d’écran 2025-08-19 222708.png
2025-08-28 12:12:33,923 - __main__ - INFO - Fichier supprimé: static/exercises\20250821_001514_ddb7bedbcd3340648334ec65eb71177d_Capture d’écran 2025-08-19 222708.png
2025-08-28 12:12:33,923 - __main__ - INFO - Traitement du groupe de doublons: ["static/exercises\\Capture d'écran 2025-08-12 174224_20250823_130643_RzbNLY.png", "static/exercises\\Capture d'écran 2025-08-12 174224_20250823_130955_ZfvKd7.png", "static/exercises\\Capture d'écran 2025-08-12 174224_20250823_131756_zhtgRo.png", "static/exercises\\Capture d'écran 2025-08-12 174224_20250823_132519_x8m6Rn.png", "static/exercises\\Capture d'écran 2025-08-12 174224_20250823_132828_4OCdrM.png", "static/exercises\\Capture d'écran 2025-08-12 174224_20250823_133102_8htMCW.png", "static/exercises\\Capture d'écran 2025-08-12 174224_20250823_133636_CKBsHc.png", "static/exercises\\Capture d'écran 2025-08-12 174224_20250823_133929_CXEQf0.png", "static/exercises\\Capture d'écran 2025-08-12 174224_20250823_134355_P11R3Q.png", "static/exercises\\Capture d'écran 2025-08-12 174224_20250823_135626_olcFMY.png", "static/exercises\\Capture d'écran 2025-08-12 174224_20250823_141027_v17mTz.png", "static/exercises\\Capture d'écran 2025-08-12 174224_20250823_142402_qI9Y6r.png", "static/exercises\\Capture d'écran 2025-08-12 174224_20250823_144155_GlPmI7.png", "static/exercises\\Capture d'écran 2025-08-12 174224_20250823_145200_M3pzNU.png", "static/exercises\\Capture d'écran 2025-08-12 174224_20250823_154555_zjhJPE.png", "static/exercises\\Capture d'écran 2025-08-12 174224_20250823_193352_s7z25k.png", "static/exercises\\Capture d'écran 2025-08-12 180016_20250822_200313_R0Wvxm.png", "static/exercises\\Capture d'écran 2025-08-12 180016_20250822_200437_55Hyiv.png", "static/exercises\\Capture d'écran 2025-08-12 180016_20250822_201013_ZkeoP2.png", "static/exercises\\Capture d'écran 2025-08-12 180016_20250822_201834_4RULCb.png", "static/exercises\\Capture d'écran 2025-08-12 180016_20250822_230042_YNrg6k.png", "static/exercises\\Capture d'écran 2025-08-12 180016_20250823_011410_l3c8Cw.png", "static/exercises\\Capture d'écran 2025-08-12 180016_20250823_011449_MZdxiU.png", "static/exercises\\Capture d'écran 2025-08-12 180016_20250823_012025_k0VmJ4.png", "static/exercises\\Capture d'écran 2025-08-12 180016_20250823_012219_qsiUP2.png", "static/exercises\\Capture d'écran 2025-08-12 180016_20250823_022405_Cp4wI8.png", "static/exercises\\Capture d'écran 2025-08-12 180016_20250823_022853_KLXCf6.png", "static/exercises\\Capture d'écran 2025-08-12 180016_20250823_022951_bveAvh.png", "static/exercises\\Capture d'écran 2025-08-12 180016_20250823_023741_Wi8gkc.png", "static/exercises\\Capture d'écran 2025-08-12 180016_20250823_023817_XtmTpJ.png", "static/exercises\\Capture d'écran 2025-08-12 180016_20250823_024148_oDdGze.png", "static/exercises\\Capture d'écran 2025-08-12 180016_20250823_024434_Qgj6M4.png", "static/exercises\\Capture d'écran 2025-08-12 180016_20250823_024526_YcMTqB.png", "static/exercises\\Capture d'écran 2025-08-12 180016_20250823_025040_FAC8zf.png", "static/exercises\\Capture d'écran 2025-08-12 180016_20250823_193905_Wnk9gf.png", "static/exercises\\Capture d'écran 2025-08-14 151156_20250821_231248_EJMA19.png", "static/exercises\\Capture d'écran 2025-08-14 151156_20250821_233724_Ihm1HG.png", "static/exercises\\Capture d'écran 2025-08-14 151156_20250821_234317_WQgNr9.png", "static/exercises\\Capture d'écran 2025-08-14 151156_20250822_181657_Plr91A.png", "static/exercises\\Capture d'écran 2025-08-14 151156_20250822_181916_X1HJ56.png", "static/exercises\\Capture d'écran 2025-08-14 151156_20250822_182605_OfSCGQ.png", "static/exercises\\Capture d'écran 2025-08-14 151156_20250822_182648_rVXWWK.png", "static/exercises\\Capture d'écran 2025-08-14 151156_20250822_182652_CAz1jF.png", "static/exercises\\Capture d'écran 2025-08-14 151156_20250822_182722_TOKGyt.png", "static/exercises\\Capture d'écran 2025-08-14 151156_20250822_193217_c3pKxg.png", "static/exercises\\Capture d'écran 2025-08-14 151156_20250822_194911_Zi45hj.png", "static/exercises\\Capture d'écran 2025-08-14 151156_20250822_195008_1B8kyh.png", 'static/exercises\\logoecole_20250823_023058_eemoNP.png', 'static/exercises\\qcm_digestive_system_test.png', 'static/exercises\\qcm_test_image.png', 'static/exercises\\S2_20250822_201219_pCJ17b.png']
2025-08-28 12:12:33,924 - __main__ - INFO - Fichier à conserver: static/exercises\logoecole_20250823_023058_eemoNP.png
2025-08-28 12:12:33,924 - __main__ - INFO - Fichiers à supprimer: ['static/exercises\\qcm_digestive_system_test.png', 'static/exercises\\qcm_test_image.png', 'static/exercises\\S2_20250822_201219_pCJ17b.png', "static/exercises\\Capture d'écran 2025-08-12 174224_20250823_130643_RzbNLY.png", "static/exercises\\Capture d'écran 2025-08-12 174224_20250823_130955_ZfvKd7.png", "static/exercises\\Capture d'écran 2025-08-12 174224_20250823_131756_zhtgRo.png", "static/exercises\\Capture d'écran 2025-08-12 174224_20250823_132519_x8m6Rn.png", "static/exercises\\Capture d'écran 2025-08-12 174224_20250823_132828_4OCdrM.png", "static/exercises\\Capture d'écran 2025-08-12 174224_20250823_133102_8htMCW.png", "static/exercises\\Capture d'écran 2025-08-12 174224_20250823_133636_CKBsHc.png", "static/exercises\\Capture d'écran 2025-08-12 174224_20250823_133929_CXEQf0.png", "static/exercises\\Capture d'écran 2025-08-12 174224_20250823_134355_P11R3Q.png", "static/exercises\\Capture d'écran 2025-08-12 174224_20250823_135626_olcFMY.png", "static/exercises\\Capture d'écran 2025-08-12 174224_20250823_141027_v17mTz.png", "static/exercises\\Capture d'écran 2025-08-12 174224_20250823_142402_qI9Y6r.png", "static/exercises\\Capture d'écran 2025-08-12 174224_20250823_144155_GlPmI7.png", "static/exercises\\Capture d'écran 2025-08-12 174224_20250823_145200_M3pzNU.png", "static/exercises\\Capture d'écran 2025-08-12 174224_20250823_154555_zjhJPE.png", "static/exercises\\Capture d'écran 2025-08-12 174224_20250823_193352_s7z25k.png", "static/exercises\\Capture d'écran 2025-08-12 180016_20250822_200313_R0Wvxm.png", "static/exercises\\Capture d'écran 2025-08-12 180016_20250822_200437_55Hyiv.png", "static/exercises\\Capture d'écran 2025-08-12 180016_20250822_201013_ZkeoP2.png", "static/exercises\\Capture d'écran 2025-08-12 180016_20250822_201834_4RULCb.png", "static/exercises\\Capture d'écran 2025-08-12 180016_20250822_230042_YNrg6k.png", "static/exercises\\Capture d'écran 2025-08-12 180016_20250823_011410_l3c8Cw.png", "static/exercises\\Capture d'écran 2025-08-12 180016_20250823_011449_MZdxiU.png", "static/exercises\\Capture d'écran 2025-08-12 180016_20250823_012025_k0VmJ4.png", "static/exercises\\Capture d'écran 2025-08-12 180016_20250823_012219_qsiUP2.png", "static/exercises\\Capture d'écran 2025-08-12 180016_20250823_022405_Cp4wI8.png", "static/exercises\\Capture d'écran 2025-08-12 180016_20250823_022853_KLXCf6.png", "static/exercises\\Capture d'écran 2025-08-12 180016_20250823_022951_bveAvh.png", "static/exercises\\Capture d'écran 2025-08-12 180016_20250823_023741_Wi8gkc.png", "static/exercises\\Capture d'écran 2025-08-12 180016_20250823_023817_XtmTpJ.png", "static/exercises\\Capture d'écran 2025-08-12 180016_20250823_024148_oDdGze.png", "static/exercises\\Capture d'écran 2025-08-12 180016_20250823_024434_Qgj6M4.png", "static/exercises\\Capture d'écran 2025-08-12 180016_20250823_024526_YcMTqB.png", "static/exercises\\Capture d'écran 2025-08-12 180016_20250823_025040_FAC8zf.png", "static/exercises\\Capture d'écran 2025-08-12 180016_20250823_193905_Wnk9gf.png", "static/exercises\\Capture d'écran 2025-08-14 151156_20250821_231248_EJMA19.png", "static/exercises\\Capture d'écran 2025-08-14 151156_20250821_233724_Ihm1HG.png", "static/exercises\\Capture d'écran 2025-08-14 151156_20250821_234317_WQgNr9.png", "static/exercises\\Capture d'écran 2025-08-14 151156_20250822_181657_Plr91A.png", "static/exercises\\Capture d'écran 2025-08-14 151156_20250822_181916_X1HJ56.png", "static/exercises\\Capture d'écran 2025-08-14 151156_20250822_182605_OfSCGQ.png", "static/exercises\\Capture d'écran 2025-08-14 151156_20250822_182648_rVXWWK.png", "static/exercises\\Capture d'écran 2025-08-14 151156_20250822_182652_CAz1jF.png", "static/exercises\\Capture d'écran 2025-08-14 151156_20250822_182722_TOKGyt.png", "static/exercises\\Capture d'écran 2025-08-14 151156_20250822_193217_c3pKxg.png", "static/exercises\\Capture d'écran 2025-08-14 151156_20250822_194911_Zi45hj.png", "static/exercises\\Capture d'écran 2025-08-14 151156_20250822_195008_1B8kyh.png"]
2025-08-28 12:12:33,924 - __main__ - ERROR - Erreur lors de la mise à jour de la base de données: type object 'Config' has no attribute 'SQLALCHEMY_DATABASE_URI'
2025-08-28 12:12:33,926 - __main__ - INFO - Fichier sauvegardé: static/exercises\qcm_digestive_system_test.png -> static/backup_duplicates\qcm_digestive_system_test.png
2025-08-28 12:12:33,927 - __main__ - INFO - Fichier supprimé: static/exercises\qcm_digestive_system_test.png
2025-08-28 12:12:33,928 - __main__ - INFO - Fichier sauvegardé: static/exercises\qcm_test_image.png -> static/backup_duplicates\qcm_test_image.png
2025-08-28 12:12:33,929 - __main__ - INFO - Fichier supprimé: static/exercises\qcm_test_image.png
2025-08-28 12:12:33,930 - __main__ - INFO - Fichier sauvegardé: static/exercises\S2_20250822_201219_pCJ17b.png -> static/backup_duplicates\S2_20250822_201219_pCJ17b.png
2025-08-28 12:12:33,930 - __main__ - INFO - Fichier supprimé: static/exercises\S2_20250822_201219_pCJ17b.png
2025-08-28 12:12:33,932 - __main__ - INFO - Fichier sauvegardé: static/exercises\Capture d'écran 2025-08-12 174224_20250823_130643_RzbNLY.png -> static/backup_duplicates\Capture d'écran 2025-08-12 174224_20250823_130643_RzbNLY.png
2025-08-28 12:12:33,932 - __main__ - INFO - Fichier supprimé: static/exercises\Capture d'écran 2025-08-12 174224_20250823_130643_RzbNLY.png
2025-08-28 12:12:33,934 - __main__ - INFO - Fichier sauvegardé: static/exercises\Capture d'écran 2025-08-12 174224_20250823_130955_ZfvKd7.png -> static/backup_duplicates\Capture d'écran 2025-08-12 174224_20250823_130955_ZfvKd7.png
2025-08-28 12:12:33,935 - __main__ - INFO - Fichier supprimé: static/exercises\Capture d'écran 2025-08-12 174224_20250823_130955_ZfvKd7.png
2025-08-28 12:12:33,936 - __main__ - INFO - Fichier sauvegardé: static/exercises\Capture d'écran 2025-08-12 174224_20250823_131756_zhtgRo.png -> static/backup_duplicates\Capture d'écran 2025-08-12 174224_20250823_131756_zhtgRo.png
2025-08-28 12:12:33,937 - __main__ - INFO - Fichier supprimé: static/exercises\Capture d'écran 2025-08-12 174224_20250823_131756_zhtgRo.png
2025-08-28 12:12:33,939 - __main__ - INFO - Fichier sauvegardé: static/exercises\Capture d'écran 2025-08-12 174224_20250823_132519_x8m6Rn.png -> static/backup_duplicates\Capture d'écran 2025-08-12 174224_20250823_132519_x8m6Rn.png
2025-08-28 12:12:33,939 - __main__ - INFO - Fichier supprimé: static/exercises\Capture d'écran 2025-08-12 174224_20250823_132519_x8m6Rn.png
2025-08-28 12:12:33,940 - __main__ - INFO - Fichier sauvegardé: static/exercises\Capture d'écran 2025-08-12 174224_20250823_132828_4OCdrM.png -> static/backup_duplicates\Capture d'écran 2025-08-12 174224_20250823_132828_4OCdrM.png
2025-08-28 12:12:33,941 - __main__ - INFO - Fichier supprimé: static/exercises\Capture d'écran 2025-08-12 174224_20250823_132828_4OCdrM.png
2025-08-28 12:12:33,942 - __main__ - INFO - Fichier sauvegardé: static/exercises\Capture d'écran 2025-08-12 174224_20250823_133102_8htMCW.png -> static/backup_duplicates\Capture d'écran 2025-08-12 174224_20250823_133102_8htMCW.png
2025-08-28 12:12:33,943 - __main__ - INFO - Fichier supprimé: static/exercises\Capture d'écran 2025-08-12 174224_20250823_133102_8htMCW.png
2025-08-28 12:12:33,945 - __main__ - INFO - Fichier sauvegardé: static/exercises\Capture d'écran 2025-08-12 174224_20250823_133636_CKBsHc.png -> static/backup_duplicates\Capture d'écran 2025-08-12 174224_20250823_133636_CKBsHc.png
2025-08-28 12:12:33,946 - __main__ - INFO - Fichier supprimé: static/exercises\Capture d'écran 2025-08-12 174224_20250823_133636_CKBsHc.png
2025-08-28 12:12:33,947 - __main__ - INFO - Fichier sauvegardé: static/exercises\Capture d'écran 2025-08-12 174224_20250823_133929_CXEQf0.png -> static/backup_duplicates\Capture d'écran 2025-08-12 174224_20250823_133929_CXEQf0.png
2025-08-28 12:12:33,947 - __main__ - INFO - Fichier supprimé: static/exercises\Capture d'écran 2025-08-12 174224_20250823_133929_CXEQf0.png
2025-08-28 12:12:33,949 - __main__ - INFO - Fichier sauvegardé: static/exercises\Capture d'écran 2025-08-12 174224_20250823_134355_P11R3Q.png -> static/backup_duplicates\Capture d'écran 2025-08-12 174224_20250823_134355_P11R3Q.png
2025-08-28 12:12:33,949 - __main__ - INFO - Fichier supprimé: static/exercises\Capture d'écran 2025-08-12 174224_20250823_134355_P11R3Q.png
2025-08-28 12:12:33,973 - __main__ - INFO - Fichier sauvegardé: static/exercises\Capture d'écran 2025-08-12 174224_20250823_135626_olcFMY.png -> static/backup_duplicates\Capture d'écran 2025-08-12 174224_20250823_135626_olcFMY.png
2025-08-28 12:12:33,974 - __main__ - INFO - Fichier supprimé: static/exercises\Capture d'écran 2025-08-12 174224_20250823_135626_olcFMY.png
2025-08-28 12:12:33,975 - __main__ - INFO - Fichier sauvegardé: static/exercises\Capture d'écran 2025-08-12 174224_20250823_141027_v17mTz.png -> static/backup_duplicates\Capture d'écran 2025-08-12 174224_20250823_141027_v17mTz.png
2025-08-28 12:12:33,990 - __main__ - INFO - Fichier supprimé: static/exercises\Capture d'écran 2025-08-12 174224_20250823_141027_v17mTz.png
2025-08-28 12:12:34,008 - __main__ - INFO - Fichier sauvegardé: static/exercises\Capture d'écran 2025-08-12 174224_20250823_142402_qI9Y6r.png -> static/backup_duplicates\Capture d'écran 2025-08-12 174224_20250823_142402_qI9Y6r.png
2025-08-28 12:12:34,008 - __main__ - INFO - Fichier supprimé: static/exercises\Capture d'écran 2025-08-12 174224_20250823_142402_qI9Y6r.png
2025-08-28 12:12:34,009 - __main__ - INFO - Fichier sauvegardé: static/exercises\Capture d'écran 2025-08-12 174224_20250823_144155_GlPmI7.png -> static/backup_duplicates\Capture d'écran 2025-08-12 174224_20250823_144155_GlPmI7.png
2025-08-28 12:12:34,010 - __main__ - INFO - Fichier supprimé: static/exercises\Capture d'écran 2025-08-12 174224_20250823_144155_GlPmI7.png
2025-08-28 12:12:34,011 - __main__ - INFO - Fichier sauvegardé: static/exercises\Capture d'écran 2025-08-12 174224_20250823_145200_M3pzNU.png -> static/backup_duplicates\Capture d'écran 2025-08-12 174224_20250823_145200_M3pzNU.png
2025-08-28 12:12:34,011 - __main__ - INFO - Fichier supprimé: static/exercises\Capture d'écran 2025-08-12 174224_20250823_145200_M3pzNU.png
2025-08-28 12:12:34,013 - __main__ - INFO - Fichier sauvegardé: static/exercises\Capture d'écran 2025-08-12 174224_20250823_154555_zjhJPE.png -> static/backup_duplicates\Capture d'écran 2025-08-12 174224_20250823_154555_zjhJPE.png
2025-08-28 12:12:34,014 - __main__ - INFO - Fichier supprimé: static/exercises\Capture d'écran 2025-08-12 174224_20250823_154555_zjhJPE.png
2025-08-28 12:12:34,015 - __main__ - INFO - Fichier sauvegardé: static/exercises\Capture d'écran 2025-08-12 174224_20250823_193352_s7z25k.png -> static/backup_duplicates\Capture d'écran 2025-08-12 174224_20250823_193352_s7z25k.png
2025-08-28 12:12:34,015 - __main__ - INFO - Fichier supprimé: static/exercises\Capture d'écran 2025-08-12 174224_20250823_193352_s7z25k.png
2025-08-28 12:12:34,017 - __main__ - INFO - Fichier sauvegardé: static/exercises\Capture d'écran 2025-08-12 180016_20250822_200313_R0Wvxm.png -> static/backup_duplicates\Capture d'écran 2025-08-12 180016_20250822_200313_R0Wvxm.png
2025-08-28 12:12:34,017 - __main__ - INFO - Fichier supprimé: static/exercises\Capture d'écran 2025-08-12 180016_20250822_200313_R0Wvxm.png
2025-08-28 12:12:34,019 - __main__ - INFO - Fichier sauvegardé: static/exercises\Capture d'écran 2025-08-12 180016_20250822_200437_55Hyiv.png -> static/backup_duplicates\Capture d'écran 2025-08-12 180016_20250822_200437_55Hyiv.png
2025-08-28 12:12:34,019 - __main__ - INFO - Fichier supprimé: static/exercises\Capture d'écran 2025-08-12 180016_20250822_200437_55Hyiv.png
2025-08-28 12:12:34,020 - __main__ - INFO - Fichier sauvegardé: static/exercises\Capture d'écran 2025-08-12 180016_20250822_201013_ZkeoP2.png -> static/backup_duplicates\Capture d'écran 2025-08-12 180016_20250822_201013_ZkeoP2.png
2025-08-28 12:12:34,021 - __main__ - INFO - Fichier supprimé: static/exercises\Capture d'écran 2025-08-12 180016_20250822_201013_ZkeoP2.png
2025-08-28 12:12:34,023 - __main__ - INFO - Fichier sauvegardé: static/exercises\Capture d'écran 2025-08-12 180016_20250822_201834_4RULCb.png -> static/backup_duplicates\Capture d'écran 2025-08-12 180016_20250822_201834_4RULCb.png
2025-08-28 12:12:34,024 - __main__ - INFO - Fichier supprimé: static/exercises\Capture d'écran 2025-08-12 180016_20250822_201834_4RULCb.png
2025-08-28 12:12:34,025 - __main__ - INFO - Fichier sauvegardé: static/exercises\Capture d'écran 2025-08-12 180016_20250822_230042_YNrg6k.png -> static/backup_duplicates\Capture d'écran 2025-08-12 180016_20250822_230042_YNrg6k.png
2025-08-28 12:12:34,025 - __main__ - INFO - Fichier supprimé: static/exercises\Capture d'écran 2025-08-12 180016_20250822_230042_YNrg6k.png
2025-08-28 12:12:34,026 - __main__ - INFO - Fichier sauvegardé: static/exercises\Capture d'écran 2025-08-12 180016_20250823_011410_l3c8Cw.png -> static/backup_duplicates\Capture d'écran 2025-08-12 180016_20250823_011410_l3c8Cw.png
2025-08-28 12:12:34,027 - __main__ - INFO - Fichier supprimé: static/exercises\Capture d'écran 2025-08-12 180016_20250823_011410_l3c8Cw.png
2025-08-28 12:12:34,028 - __main__ - INFO - Fichier sauvegardé: static/exercises\Capture d'écran 2025-08-12 180016_20250823_011449_MZdxiU.png -> static/backup_duplicates\Capture d'écran 2025-08-12 180016_20250823_011449_MZdxiU.png
2025-08-28 12:12:34,029 - __main__ - INFO - Fichier supprimé: static/exercises\Capture d'écran 2025-08-12 180016_20250823_011449_MZdxiU.png
2025-08-28 12:12:34,048 - __main__ - INFO - Fichier sauvegardé: static/exercises\Capture d'écran 2025-08-12 180016_20250823_012025_k0VmJ4.png -> static/backup_duplicates\Capture d'écran 2025-08-12 180016_20250823_012025_k0VmJ4.png
2025-08-28 12:12:34,049 - __main__ - INFO - Fichier supprimé: static/exercises\Capture d'écran 2025-08-12 180016_20250823_012025_k0VmJ4.png
2025-08-28 12:12:34,051 - __main__ - INFO - Fichier sauvegardé: static/exercises\Capture d'écran 2025-08-12 180016_20250823_012219_qsiUP2.png -> static/backup_duplicates\Capture d'écran 2025-08-12 180016_20250823_012219_qsiUP2.png
2025-08-28 12:12:34,052 - __main__ - INFO - Fichier supprimé: static/exercises\Capture d'écran 2025-08-12 180016_20250823_012219_qsiUP2.png
2025-08-28 12:12:34,054 - __main__ - INFO - Fichier sauvegardé: static/exercises\Capture d'écran 2025-08-12 180016_20250823_022405_Cp4wI8.png -> static/backup_duplicates\Capture d'écran 2025-08-12 180016_20250823_022405_Cp4wI8.png
2025-08-28 12:12:34,054 - __main__ - INFO - Fichier supprimé: static/exercises\Capture d'écran 2025-08-12 180016_20250823_022405_Cp4wI8.png
2025-08-28 12:12:34,056 - __main__ - INFO - Fichier sauvegardé: static/exercises\Capture d'écran 2025-08-12 180016_20250823_022853_KLXCf6.png -> static/backup_duplicates\Capture d'écran 2025-08-12 180016_20250823_022853_KLXCf6.png
2025-08-28 12:12:34,056 - __main__ - INFO - Fichier supprimé: static/exercises\Capture d'écran 2025-08-12 180016_20250823_022853_KLXCf6.png
2025-08-28 12:12:34,057 - __main__ - INFO - Fichier sauvegardé: static/exercises\Capture d'écran 2025-08-12 180016_20250823_022951_bveAvh.png -> static/backup_duplicates\Capture d'écran 2025-08-12 180016_20250823_022951_bveAvh.png
2025-08-28 12:12:34,058 - __main__ - INFO - Fichier supprimé: static/exercises\Capture d'écran 2025-08-12 180016_20250823_022951_bveAvh.png
2025-08-28 12:12:34,060 - __main__ - INFO - Fichier sauvegardé: static/exercises\Capture d'écran 2025-08-12 180016_20250823_023741_Wi8gkc.png -> static/backup_duplicates\Capture d'écran 2025-08-12 180016_20250823_023741_Wi8gkc.png
2025-08-28 12:12:34,060 - __main__ - INFO - Fichier supprimé: static/exercises\Capture d'écran 2025-08-12 180016_20250823_023741_Wi8gkc.png
2025-08-28 12:12:34,062 - __main__ - INFO - Fichier sauvegardé: static/exercises\Capture d'écran 2025-08-12 180016_20250823_023817_XtmTpJ.png -> static/backup_duplicates\Capture d'écran 2025-08-12 180016_20250823_023817_XtmTpJ.png
2025-08-28 12:12:34,062 - __main__ - INFO - Fichier supprimé: static/exercises\Capture d'écran 2025-08-12 180016_20250823_023817_XtmTpJ.png
2025-08-28 12:12:34,064 - __main__ - INFO - Fichier sauvegardé: static/exercises\Capture d'écran 2025-08-12 180016_20250823_024148_oDdGze.png -> static/backup_duplicates\Capture d'écran 2025-08-12 180016_20250823_024148_oDdGze.png
2025-08-28 12:12:34,064 - __main__ - INFO - Fichier supprimé: static/exercises\Capture d'écran 2025-08-12 180016_20250823_024148_oDdGze.png
2025-08-28 12:12:34,094 - __main__ - INFO - Fichier sauvegardé: static/exercises\Capture d'écran 2025-08-12 180016_20250823_024434_Qgj6M4.png -> static/backup_duplicates\Capture d'écran 2025-08-12 180016_20250823_024434_Qgj6M4.png
2025-08-28 12:12:34,095 - __main__ - INFO - Fichier supprimé: static/exercises\Capture d'écran 2025-08-12 180016_20250823_024434_Qgj6M4.png
2025-08-28 12:12:34,096 - __main__ - INFO - Fichier sauvegardé: static/exercises\Capture d'écran 2025-08-12 180016_20250823_024526_YcMTqB.png -> static/backup_duplicates\Capture d'écran 2025-08-12 180016_20250823_024526_YcMTqB.png
2025-08-28 12:12:34,096 - __main__ - INFO - Fichier supprimé: static/exercises\Capture d'écran 2025-08-12 180016_20250823_024526_YcMTqB.png
2025-08-28 12:12:34,102 - __main__ - INFO - Fichier sauvegardé: static/exercises\Capture d'écran 2025-08-12 180016_20250823_025040_FAC8zf.png -> static/backup_duplicates\Capture d'écran 2025-08-12 180016_20250823_025040_FAC8zf.png
2025-08-28 12:12:34,103 - __main__ - INFO - Fichier supprimé: static/exercises\Capture d'écran 2025-08-12 180016_20250823_025040_FAC8zf.png
2025-08-28 12:12:34,104 - __main__ - INFO - Fichier sauvegardé: static/exercises\Capture d'écran 2025-08-12 180016_20250823_193905_Wnk9gf.png -> static/backup_duplicates\Capture d'écran 2025-08-12 180016_20250823_193905_Wnk9gf.png
2025-08-28 12:12:34,105 - __main__ - INFO - Fichier supprimé: static/exercises\Capture d'écran 2025-08-12 180016_20250823_193905_Wnk9gf.png
2025-08-28 12:12:34,106 - __main__ - INFO - Fichier sauvegardé: static/exercises\Capture d'écran 2025-08-14 151156_20250821_231248_EJMA19.png -> static/backup_duplicates\Capture d'écran 2025-08-14 151156_20250821_231248_EJMA19.png
2025-08-28 12:12:34,107 - __main__ - INFO - Fichier supprimé: static/exercises\Capture d'écran 2025-08-14 151156_20250821_231248_EJMA19.png
2025-08-28 12:12:34,114 - __main__ - INFO - Fichier sauvegardé: static/exercises\Capture d'écran 2025-08-14 151156_20250821_233724_Ihm1HG.png -> static/backup_duplicates\Capture d'écran 2025-08-14 151156_20250821_233724_Ihm1HG.png
2025-08-28 12:12:34,114 - __main__ - INFO - Fichier supprimé: static/exercises\Capture d'écran 2025-08-14 151156_20250821_233724_Ihm1HG.png
2025-08-28 12:12:34,115 - __main__ - INFO - Fichier sauvegardé: static/exercises\Capture d'écran 2025-08-14 151156_20250821_234317_WQgNr9.png -> static/backup_duplicates\Capture d'écran 2025-08-14 151156_20250821_234317_WQgNr9.png
2025-08-28 12:12:34,116 - __main__ - INFO - Fichier supprimé: static/exercises\Capture d'écran 2025-08-14 151156_20250821_234317_WQgNr9.png
2025-08-28 12:12:34,117 - __main__ - INFO - Fichier sauvegardé: static/exercises\Capture d'écran 2025-08-14 151156_20250822_181657_Plr91A.png -> static/backup_duplicates\Capture d'écran 2025-08-14 151156_20250822_181657_Plr91A.png
2025-08-28 12:12:34,118 - __main__ - INFO - Fichier supprimé: static/exercises\Capture d'écran 2025-08-14 151156_20250822_181657_Plr91A.png
2025-08-28 12:12:34,163 - __main__ - INFO - Fichier sauvegardé: static/exercises\Capture d'écran 2025-08-14 151156_20250822_181916_X1HJ56.png -> static/backup_duplicates\Capture d'écran 2025-08-14 151156_20250822_181916_X1HJ56.png
2025-08-28 12:12:34,164 - __main__ - INFO - Fichier supprimé: static/exercises\Capture d'écran 2025-08-14 151156_20250822_181916_X1HJ56.png
2025-08-28 12:12:34,186 - __main__ - INFO - Fichier sauvegardé: static/exercises\Capture d'écran 2025-08-14 151156_20250822_182605_OfSCGQ.png -> static/backup_duplicates\Capture d'écran 2025-08-14 151156_20250822_182605_OfSCGQ.png
2025-08-28 12:12:34,187 - __main__ - INFO - Fichier supprimé: static/exercises\Capture d'écran 2025-08-14 151156_20250822_182605_OfSCGQ.png
2025-08-28 12:12:34,188 - __main__ - INFO - Fichier sauvegardé: static/exercises\Capture d'écran 2025-08-14 151156_20250822_182648_rVXWWK.png -> static/backup_duplicates\Capture d'écran 2025-08-14 151156_20250822_182648_rVXWWK.png
2025-08-28 12:12:34,188 - __main__ - INFO - Fichier supprimé: static/exercises\Capture d'écran 2025-08-14 151156_20250822_182648_rVXWWK.png
2025-08-28 12:12:34,189 - __main__ - INFO - Fichier sauvegardé: static/exercises\Capture d'écran 2025-08-14 151156_20250822_182652_CAz1jF.png -> static/backup_duplicates\Capture d'écran 2025-08-14 151156_20250822_182652_CAz1jF.png
2025-08-28 12:12:34,189 - __main__ - INFO - Fichier supprimé: static/exercises\Capture d'écran 2025-08-14 151156_20250822_182652_CAz1jF.png
2025-08-28 12:12:34,190 - __main__ - INFO - Fichier sauvegardé: static/exercises\Capture d'écran 2025-08-14 151156_20250822_182722_TOKGyt.png -> static/backup_duplicates\Capture d'écran 2025-08-14 151156_20250822_182722_TOKGyt.png
2025-08-28 12:12:34,191 - __main__ - INFO - Fichier supprimé: static/exercises\Capture d'écran 2025-08-14 151156_20250822_182722_TOKGyt.png
2025-08-28 12:12:34,235 - __main__ - INFO - Fichier sauvegardé: static/exercises\Capture d'écran 2025-08-14 151156_20250822_193217_c3pKxg.png -> static/backup_duplicates\Capture d'écran 2025-08-14 151156_20250822_193217_c3pKxg.png
2025-08-28 12:12:34,235 - __main__ - INFO - Fichier supprimé: static/exercises\Capture d'écran 2025-08-14 151156_20250822_193217_c3pKxg.png
2025-08-28 12:12:34,237 - __main__ - INFO - Fichier sauvegardé: static/exercises\Capture d'écran 2025-08-14 151156_20250822_194911_Zi45hj.png -> static/backup_duplicates\Capture d'écran 2025-08-14 151156_20250822_194911_Zi45hj.png
2025-08-28 12:12:34,238 - __main__ - INFO - Fichier supprimé: static/exercises\Capture d'écran 2025-08-14 151156_20250822_194911_Zi45hj.png
2025-08-28 12:12:34,251 - __main__ - INFO - Fichier sauvegardé: static/exercises\Capture d'écran 2025-08-14 151156_20250822_195008_1B8kyh.png -> static/backup_duplicates\Capture d'écran 2025-08-14 151156_20250822_195008_1B8kyh.png
2025-08-28 12:12:34,252 - __main__ - INFO - Fichier supprimé: static/exercises\Capture d'écran 2025-08-14 151156_20250822_195008_1B8kyh.png
2025-08-28 12:12:34,252 - __main__ - INFO - Traitement terminé: 137 fichiers dupliqués supprimés sur 10 groupes
2025-08-28 12:12:34,252 - __main__ - INFO - Script terminé. 137 fichiers dupliqués supprimés sur 10 groupes
